2020-03-09 08:56:29 [::1][-][affkpe061onsepo15hkr2jh4ov][error][Error] Error: Class 'Html' not found in C:\xampp\htdocs\yii2-orcl12c-master\yii2-orcl12c\views\site\index.php:55
Stack trace:
#0 C:\xampp\htdocs\yii2-orcl12c-master\yii2-orcl12c\vendor\yiisoft\yii2\base\View.php(348): require()
#1 C:\xampp\htdocs\yii2-orcl12c-master\yii2-orcl12c\vendor\yiisoft\yii2\base\View.php(257): yii\base\View->renderPhpFile('C:\\xampp\\htdocs...', Array)
#2 C:\xampp\htdocs\yii2-orcl12c-master\yii2-orcl12c\vendor\yiisoft\yii2\base\View.php(156): yii\base\View->renderFile('C:\\xampp\\htdocs...', Array, Object(app\controllers\SiteController))
#3 C:\xampp\htdocs\yii2-orcl12c-master\yii2-orcl12c\vendor\yiisoft\yii2\base\Controller.php(386): yii\base\View->render('index', Array, Object(app\controllers\SiteController))
#4 C:\xampp\htdocs\yii2-orcl12c-master\yii2-orcl12c\controllers\SiteController.php(64): yii\base\Controller->render('index')
#5 [internal function]: app\controllers\SiteController->actionIndex()
#6 C:\xampp\htdocs\yii2-orcl12c-master\yii2-orcl12c\vendor\yiisoft\yii2\base\InlineAction.php(57): call_user_func_array(Array, Array)
#7 C:\xampp\htdocs\yii2-orcl12c-master\yii2-orcl12c\vendor\yiisoft\yii2\base\Controller.php(157): yii\base\InlineAction->runWithParams(Array)
#8 C:\xampp\htdocs\yii2-orcl12c-master\yii2-orcl12c\vendor\yiisoft\yii2\base\Module.php(528): yii\base\Controller->runAction('', Array)
#9 C:\xampp\htdocs\yii2-orcl12c-master\yii2-orcl12c\vendor\yiisoft\yii2\web\Application.php(103): yii\base\Module->runAction('', Array)
#10 C:\xampp\htdocs\yii2-orcl12c-master\yii2-orcl12c\vendor\yiisoft\yii2\base\Application.php(386): yii\web\Application->handleRequest(Object(yii\web\Request))
#11 C:\xampp\htdocs\yii2-orcl12c-master\yii2-orcl12c\web\index.php(12): yii\base\Application->run()
#12 {main}
2020-03-09 08:56:29 [::1][-][affkpe061onsepo15hkr2jh4ov][info][application] $_GET = []

$_POST = []

$_FILES = []

$_COOKIE = [
    'PHPSESSID' => 'affkpe061onsepo15hkr2jh4ov'
    '_csrf' => '78f9f7a3887d026356b8ebab254f2e98711f8d2d3421c4a5df0369098fa6fb89a:2:{i:0;s:5:\"_csrf\";i:1;s:32:\"ksccl1EeiMesR62DfXk7EEQsq7VeVZM-\";}'
]

$_SESSION = [
    '__flash' => []
]

$_SERVER = [
    'MIBDIRS' => 'C:/xampp/php/extras/mibs'
    'MYSQL_HOME' => '\\xampp\\mysql\\bin'
    'OPENSSL_CONF' => 'C:/xampp/apache/bin/openssl.cnf'
    'PHP_PEAR_SYSCONF_DIR' => '\\xampp\\php'
    'PHPRC' => '\\xampp\\php'
    'TMP' => '\\xampp\\tmp'
    'HTTP_HOST' => 'localhost'
    'HTTP_CONNECTION' => 'keep-alive'
    'HTTP_CACHE_CONTROL' => 'max-age=0'
    'HTTP_UPGRADE_INSECURE_REQUESTS' => '1'
    'HTTP_USER_AGENT' => 'Mozilla/5.0 (Windows NT 10.0; Win64; x64) AppleWebKit/537.36 (KHTML, like Gecko) Chrome/80.0.3987.132 Safari/537.36'
    'HTTP_SEC_FETCH_DEST' => 'document'
    'HTTP_ACCEPT' => 'text/html,application/xhtml+xml,application/xml;q=0.9,image/webp,image/apng,*/*;q=0.8,application/signed-exchange;v=b3;q=0.9'
    'HTTP_SEC_FETCH_SITE' => 'same-origin'
    'HTTP_SEC_FETCH_MODE' => 'navigate'
    'HTTP_SEC_FETCH_USER' => '?1'
    'HTTP_REFERER' => 'http://localhost/yii2-orcl12c-master/yii2-orcl12c/web/index.php'
    'HTTP_ACCEPT_ENCODING' => 'gzip, deflate, br'
    'HTTP_ACCEPT_LANGUAGE' => 'en-US,en;q=0.9'
    'HTTP_COOKIE' => 'PHPSESSID=affkpe061onsepo15hkr2jh4ov; _csrf=78f9f7a3887d026356b8ebab254f2e98711f8d2d3421c4a5df0369098fa6fb89a%3A2%3A%7Bi%3A0%3Bs%3A5%3A%22_csrf%22%3Bi%3A1%3Bs%3A32%3A%22ksccl1EeiMesR62DfXk7EEQsq7VeVZM-%22%3B%7D'
    'PATH' => 'C:\\oracle\\instantclient_12_2;C:\\Program Files (x86)\\Common Files\\Oracle\\Java\\javapath;C:\\Python27\\;C:\\Python27\\Scripts;C:\\Windows\\system32;C:\\Windows;C:\\Windows\\System32\\Wbem;C:\\Windows\\System32\\WindowsPowerShell\\v1.0\\;C:\\Windows\\System32\\OpenSSH\\;C:\\Program Files\\Git\\cmd;C:\\Program Files\\nodejs\\;C:\\ProgramData\\chocolatey\\bin;C:\\Program Files\\Docker\\Docker\\resources\\bin;C:\\ProgramData\\DockerDesktop\\version-bin;C:\\oracle\\instantclient_12_2;C:\\Users\\Admin\\AppData\\Local\\Microsoft\\WindowsApps;C:\\Users\\Admin\\AppData\\Local\\GitHubDesktop\\bin;C:\\Users\\Admin\\AppData\\Local\\Programs\\Microsoft VS Code\\bin;C:\\Users\\Admin\\AppData\\Roaming\\npm;C:\\Program Files\\heroku\\bin;C:\\Program Files\\Docker Toolbox;'
    'SystemRoot' => 'C:\\Windows'
    'COMSPEC' => 'C:\\Windows\\system32\\cmd.exe'
    'PATHEXT' => '.COM;.EXE;.BAT;.CMD;.VBS;.VBE;.JS;.JSE;.WSF;.WSH;.MSC'
    'WINDIR' => 'C:\\Windows'
    'SERVER_SIGNATURE' => '<address>Apache/2.4.41 (Win64) OpenSSL/1.1.1c PHP/7.2.26 Server at localhost Port 80</address>
'
    'SERVER_SOFTWARE' => 'Apache/2.4.41 (Win64) OpenSSL/1.1.1c PHP/7.2.26'
    'SERVER_NAME' => 'localhost'
    'SERVER_ADDR' => '::1'
    'SERVER_PORT' => '80'
    'REMOTE_ADDR' => '::1'
    'DOCUMENT_ROOT' => 'C:/xampp/htdocs'
    'REQUEST_SCHEME' => 'http'
    'CONTEXT_PREFIX' => ''
    'CONTEXT_DOCUMENT_ROOT' => 'C:/xampp/htdocs'
    'SERVER_ADMIN' => 'postmaster@localhost'
    'SCRIPT_FILENAME' => 'C:/xampp/htdocs/yii2-orcl12c-master/yii2-orcl12c/web/index.php'
    'REMOTE_PORT' => '49623'
    'GATEWAY_INTERFACE' => 'CGI/1.1'
    'SERVER_PROTOCOL' => 'HTTP/1.1'
    'REQUEST_METHOD' => 'GET'
    'QUERY_STRING' => ''
    'REQUEST_URI' => '/yii2-orcl12c-master/yii2-orcl12c/web/index.php'
    'SCRIPT_NAME' => '/yii2-orcl12c-master/yii2-orcl12c/web/index.php'
    'PHP_SELF' => '/yii2-orcl12c-master/yii2-orcl12c/web/index.php'
    'REQUEST_TIME_FLOAT' => 1583740589.102
    'REQUEST_TIME' => 1583740589
]
2020-03-09 09:24:33 [::1][-][affkpe061onsepo15hkr2jh4ov][error][yii\web\HttpException:404] yii\base\InvalidRouteException: Unable to resolve the request "adsad". in C:\xampp\htdocs\tesbidang\vendor\yiisoft\yii2\base\Module.php:537
Stack trace:
#0 C:\xampp\htdocs\tesbidang\vendor\yiisoft\yii2\web\Application.php(103): yii\base\Module->runAction('adsad', Array)
#1 C:\xampp\htdocs\tesbidang\vendor\yiisoft\yii2\base\Application.php(386): yii\web\Application->handleRequest(Object(yii\web\Request))
#2 C:\xampp\htdocs\tesbidang\web\index.php(12): yii\base\Application->run()
#3 {main}

Next yii\web\NotFoundHttpException: Page not found. in C:\xampp\htdocs\tesbidang\vendor\yiisoft\yii2\web\Application.php:115
Stack trace:
#0 C:\xampp\htdocs\tesbidang\vendor\yiisoft\yii2\base\Application.php(386): yii\web\Application->handleRequest(Object(yii\web\Request))
#1 C:\xampp\htdocs\tesbidang\web\index.php(12): yii\base\Application->run()
#2 {main}
2020-03-09 09:24:33 [::1][-][affkpe061onsepo15hkr2jh4ov][info][application] $_GET = []

$_POST = []

$_FILES = []

$_COOKIE = [
    'PHPSESSID' => 'affkpe061onsepo15hkr2jh4ov'
    '_csrf' => '78f9f7a3887d026356b8ebab254f2e98711f8d2d3421c4a5df0369098fa6fb89a:2:{i:0;s:5:\"_csrf\";i:1;s:32:\"ksccl1EeiMesR62DfXk7EEQsq7VeVZM-\";}'
]

$_SESSION = [
    '__flash' => []
]

$_SERVER = [
    'REDIRECT_MIBDIRS' => 'C:/xampp/php/extras/mibs'
    'REDIRECT_MYSQL_HOME' => '\\xampp\\mysql\\bin'
    'REDIRECT_OPENSSL_CONF' => 'C:/xampp/apache/bin/openssl.cnf'
    'REDIRECT_PHP_PEAR_SYSCONF_DIR' => '\\xampp\\php'
    'REDIRECT_PHPRC' => '\\xampp\\php'
    'REDIRECT_TMP' => '\\xampp\\tmp'
    'REDIRECT_STATUS' => '200'
    'MIBDIRS' => 'C:/xampp/php/extras/mibs'
    'MYSQL_HOME' => '\\xampp\\mysql\\bin'
    'OPENSSL_CONF' => 'C:/xampp/apache/bin/openssl.cnf'
    'PHP_PEAR_SYSCONF_DIR' => '\\xampp\\php'
    'PHPRC' => '\\xampp\\php'
    'TMP' => '\\xampp\\tmp'
    'HTTP_HOST' => 'localhost'
    'HTTP_CONNECTION' => 'keep-alive'
    'HTTP_CACHE_CONTROL' => 'max-age=0'
    'HTTP_UPGRADE_INSECURE_REQUESTS' => '1'
    'HTTP_USER_AGENT' => 'Mozilla/5.0 (Windows NT 10.0; Win64; x64) AppleWebKit/537.36 (KHTML, like Gecko) Chrome/80.0.3987.132 Safari/537.36'
    'HTTP_SEC_FETCH_DEST' => 'document'
    'HTTP_ACCEPT' => 'text/html,application/xhtml+xml,application/xml;q=0.9,image/webp,image/apng,*/*;q=0.8,application/signed-exchange;v=b3;q=0.9'
    'HTTP_SEC_FETCH_SITE' => 'none'
    'HTTP_SEC_FETCH_MODE' => 'navigate'
    'HTTP_SEC_FETCH_USER' => '?1'
    'HTTP_ACCEPT_ENCODING' => 'gzip, deflate, br'
    'HTTP_ACCEPT_LANGUAGE' => 'en-US,en;q=0.9'
    'HTTP_COOKIE' => 'PHPSESSID=affkpe061onsepo15hkr2jh4ov; _csrf=78f9f7a3887d026356b8ebab254f2e98711f8d2d3421c4a5df0369098fa6fb89a%3A2%3A%7Bi%3A0%3Bs%3A5%3A%22_csrf%22%3Bi%3A1%3Bs%3A32%3A%22ksccl1EeiMesR62DfXk7EEQsq7VeVZM-%22%3B%7D'
    'PATH' => 'C:\\oracle\\instantclient_12_2;C:\\Program Files (x86)\\Common Files\\Oracle\\Java\\javapath;C:\\Python27\\;C:\\Python27\\Scripts;C:\\Windows\\system32;C:\\Windows;C:\\Windows\\System32\\Wbem;C:\\Windows\\System32\\WindowsPowerShell\\v1.0\\;C:\\Windows\\System32\\OpenSSH\\;C:\\Program Files\\Git\\cmd;C:\\Program Files\\nodejs\\;C:\\ProgramData\\chocolatey\\bin;C:\\Program Files\\Docker\\Docker\\resources\\bin;C:\\ProgramData\\DockerDesktop\\version-bin;C:\\oracle\\instantclient_12_2;C:\\Users\\Admin\\AppData\\Local\\Microsoft\\WindowsApps;C:\\Users\\Admin\\AppData\\Local\\GitHubDesktop\\bin;C:\\Users\\Admin\\AppData\\Local\\Programs\\Microsoft VS Code\\bin;C:\\Users\\Admin\\AppData\\Roaming\\npm;C:\\Program Files\\heroku\\bin;C:\\Program Files\\Docker Toolbox;'
    'SystemRoot' => 'C:\\Windows'
    'COMSPEC' => 'C:\\Windows\\system32\\cmd.exe'
    'PATHEXT' => '.COM;.EXE;.BAT;.CMD;.VBS;.VBE;.JS;.JSE;.WSF;.WSH;.MSC'
    'WINDIR' => 'C:\\Windows'
    'SERVER_SIGNATURE' => '<address>Apache/2.4.41 (Win64) OpenSSL/1.1.1c PHP/7.2.26 Server at localhost Port 80</address>
'
    'SERVER_SOFTWARE' => 'Apache/2.4.41 (Win64) OpenSSL/1.1.1c PHP/7.2.26'
    'SERVER_NAME' => 'localhost'
    'SERVER_ADDR' => '::1'
    'SERVER_PORT' => '80'
    'REMOTE_ADDR' => '::1'
    'DOCUMENT_ROOT' => 'C:/xampp/htdocs'
    'REQUEST_SCHEME' => 'http'
    'CONTEXT_PREFIX' => ''
    'CONTEXT_DOCUMENT_ROOT' => 'C:/xampp/htdocs'
    'SERVER_ADMIN' => 'postmaster@localhost'
    'SCRIPT_FILENAME' => 'C:/xampp/htdocs/tesbidang/web/index.php'
    'REMOTE_PORT' => '50217'
    'REDIRECT_URL' => '/tesbidang/web/adsad'
    'GATEWAY_INTERFACE' => 'CGI/1.1'
    'SERVER_PROTOCOL' => 'HTTP/1.1'
    'REQUEST_METHOD' => 'GET'
    'QUERY_STRING' => ''
    'REQUEST_URI' => '/tesbidang/web/adsad'
    'SCRIPT_NAME' => '/tesbidang/web/index.php'
    'PHP_SELF' => '/tesbidang/web/index.php'
    'REQUEST_TIME_FLOAT' => 1583742273.725
    'REQUEST_TIME' => 1583742273
]
2020-03-09 09:24:39 [::1][-][affkpe061onsepo15hkr2jh4ov][error][yii\base\ViewNotFoundException] yii\base\ViewNotFoundException: The view file does not exist: C:\xampp\htdocs\tesbidang\views\jawaban\index.php in C:\xampp\htdocs\tesbidang\vendor\yiisoft\yii2\base\View.php:233
Stack trace:
#0 C:\xampp\htdocs\tesbidang\vendor\yiisoft\yii2\base\View.php(156): yii\base\View->renderFile('C:\\xampp\\htdocs...', Array, Object(app\controllers\JawabanController))
#1 C:\xampp\htdocs\tesbidang\vendor\yiisoft\yii2\base\Controller.php(386): yii\base\View->render('index', Array, Object(app\controllers\JawabanController))
#2 C:\xampp\htdocs\tesbidang\controllers\JawabanController.php(20): yii\base\Controller->render('index')
#3 [internal function]: app\controllers\JawabanController->actionIndex()
#4 C:\xampp\htdocs\tesbidang\vendor\yiisoft\yii2\base\InlineAction.php(57): call_user_func_array(Array, Array)
#5 C:\xampp\htdocs\tesbidang\vendor\yiisoft\yii2\base\Controller.php(157): yii\base\InlineAction->runWithParams(Array)
#6 C:\xampp\htdocs\tesbidang\vendor\yiisoft\yii2\base\Module.php(528): yii\base\Controller->runAction('', Array)
#7 C:\xampp\htdocs\tesbidang\vendor\yiisoft\yii2\web\Application.php(103): yii\base\Module->runAction('jawaban', Array)
#8 C:\xampp\htdocs\tesbidang\vendor\yiisoft\yii2\base\Application.php(386): yii\web\Application->handleRequest(Object(yii\web\Request))
#9 C:\xampp\htdocs\tesbidang\web\index.php(12): yii\base\Application->run()
#10 {main}
2020-03-09 09:24:39 [::1][-][affkpe061onsepo15hkr2jh4ov][info][application] $_GET = []

$_POST = []

$_FILES = []

$_COOKIE = [
    'PHPSESSID' => 'affkpe061onsepo15hkr2jh4ov'
    '_csrf' => '78f9f7a3887d026356b8ebab254f2e98711f8d2d3421c4a5df0369098fa6fb89a:2:{i:0;s:5:\"_csrf\";i:1;s:32:\"ksccl1EeiMesR62DfXk7EEQsq7VeVZM-\";}'
]

$_SESSION = [
    '__flash' => []
]

$_SERVER = [
    'REDIRECT_MIBDIRS' => 'C:/xampp/php/extras/mibs'
    'REDIRECT_MYSQL_HOME' => '\\xampp\\mysql\\bin'
    'REDIRECT_OPENSSL_CONF' => 'C:/xampp/apache/bin/openssl.cnf'
    'REDIRECT_PHP_PEAR_SYSCONF_DIR' => '\\xampp\\php'
    'REDIRECT_PHPRC' => '\\xampp\\php'
    'REDIRECT_TMP' => '\\xampp\\tmp'
    'REDIRECT_STATUS' => '200'
    'MIBDIRS' => 'C:/xampp/php/extras/mibs'
    'MYSQL_HOME' => '\\xampp\\mysql\\bin'
    'OPENSSL_CONF' => 'C:/xampp/apache/bin/openssl.cnf'
    'PHP_PEAR_SYSCONF_DIR' => '\\xampp\\php'
    'PHPRC' => '\\xampp\\php'
    'TMP' => '\\xampp\\tmp'
    'HTTP_HOST' => 'localhost'
    'HTTP_CONNECTION' => 'keep-alive'
    'HTTP_UPGRADE_INSECURE_REQUESTS' => '1'
    'HTTP_USER_AGENT' => 'Mozilla/5.0 (Windows NT 10.0; Win64; x64) AppleWebKit/537.36 (KHTML, like Gecko) Chrome/80.0.3987.132 Safari/537.36'
    'HTTP_SEC_FETCH_DEST' => 'document'
    'HTTP_ACCEPT' => 'text/html,application/xhtml+xml,application/xml;q=0.9,image/webp,image/apng,*/*;q=0.8,application/signed-exchange;v=b3;q=0.9'
    'HTTP_SEC_FETCH_SITE' => 'none'
    'HTTP_SEC_FETCH_MODE' => 'navigate'
    'HTTP_SEC_FETCH_USER' => '?1'
    'HTTP_ACCEPT_ENCODING' => 'gzip, deflate, br'
    'HTTP_ACCEPT_LANGUAGE' => 'en-US,en;q=0.9'
    'HTTP_COOKIE' => 'PHPSESSID=affkpe061onsepo15hkr2jh4ov; _csrf=78f9f7a3887d026356b8ebab254f2e98711f8d2d3421c4a5df0369098fa6fb89a%3A2%3A%7Bi%3A0%3Bs%3A5%3A%22_csrf%22%3Bi%3A1%3Bs%3A32%3A%22ksccl1EeiMesR62DfXk7EEQsq7VeVZM-%22%3B%7D'
    'PATH' => 'C:\\oracle\\instantclient_12_2;C:\\Program Files (x86)\\Common Files\\Oracle\\Java\\javapath;C:\\Python27\\;C:\\Python27\\Scripts;C:\\Windows\\system32;C:\\Windows;C:\\Windows\\System32\\Wbem;C:\\Windows\\System32\\WindowsPowerShell\\v1.0\\;C:\\Windows\\System32\\OpenSSH\\;C:\\Program Files\\Git\\cmd;C:\\Program Files\\nodejs\\;C:\\ProgramData\\chocolatey\\bin;C:\\Program Files\\Docker\\Docker\\resources\\bin;C:\\ProgramData\\DockerDesktop\\version-bin;C:\\oracle\\instantclient_12_2;C:\\Users\\Admin\\AppData\\Local\\Microsoft\\WindowsApps;C:\\Users\\Admin\\AppData\\Local\\GitHubDesktop\\bin;C:\\Users\\Admin\\AppData\\Local\\Programs\\Microsoft VS Code\\bin;C:\\Users\\Admin\\AppData\\Roaming\\npm;C:\\Program Files\\heroku\\bin;C:\\Program Files\\Docker Toolbox;'
    'SystemRoot' => 'C:\\Windows'
    'COMSPEC' => 'C:\\Windows\\system32\\cmd.exe'
    'PATHEXT' => '.COM;.EXE;.BAT;.CMD;.VBS;.VBE;.JS;.JSE;.WSF;.WSH;.MSC'
    'WINDIR' => 'C:\\Windows'
    'SERVER_SIGNATURE' => '<address>Apache/2.4.41 (Win64) OpenSSL/1.1.1c PHP/7.2.26 Server at localhost Port 80</address>
'
    'SERVER_SOFTWARE' => 'Apache/2.4.41 (Win64) OpenSSL/1.1.1c PHP/7.2.26'
    'SERVER_NAME' => 'localhost'
    'SERVER_ADDR' => '::1'
    'SERVER_PORT' => '80'
    'REMOTE_ADDR' => '::1'
    'DOCUMENT_ROOT' => 'C:/xampp/htdocs'
    'REQUEST_SCHEME' => 'http'
    'CONTEXT_PREFIX' => ''
    'CONTEXT_DOCUMENT_ROOT' => 'C:/xampp/htdocs'
    'SERVER_ADMIN' => 'postmaster@localhost'
    'SCRIPT_FILENAME' => 'C:/xampp/htdocs/tesbidang/web/index.php'
    'REMOTE_PORT' => '50217'
    'REDIRECT_URL' => '/tesbidang/web/jawaban'
    'GATEWAY_INTERFACE' => 'CGI/1.1'
    'SERVER_PROTOCOL' => 'HTTP/1.1'
    'REQUEST_METHOD' => 'GET'
    'QUERY_STRING' => ''
    'REQUEST_URI' => '/tesbidang/web/jawaban'
    'SCRIPT_NAME' => '/tesbidang/web/index.php'
    'PHP_SELF' => '/tesbidang/web/index.php'
    'REQUEST_TIME_FLOAT' => 1583742279.194
    'REQUEST_TIME' => 1583742279
]
2020-03-09 09:25:28 [::1][-][affkpe061onsepo15hkr2jh4ov][error][yii\base\ViewNotFoundException] yii\base\ViewNotFoundException: The view file does not exist: C:\xampp\htdocs\tesbidang\views\jawaban\index.php in C:\xampp\htdocs\tesbidang\vendor\yiisoft\yii2\base\View.php:233
Stack trace:
#0 C:\xampp\htdocs\tesbidang\vendor\yiisoft\yii2\base\View.php(156): yii\base\View->renderFile('C:\\xampp\\htdocs...', Array, Object(app\controllers\JawabanController))
#1 C:\xampp\htdocs\tesbidang\vendor\yiisoft\yii2\base\Controller.php(386): yii\base\View->render('index', Array, Object(app\controllers\JawabanController))
#2 C:\xampp\htdocs\tesbidang\controllers\JawabanController.php(20): yii\base\Controller->render('index')
#3 [internal function]: app\controllers\JawabanController->actionIndex()
#4 C:\xampp\htdocs\tesbidang\vendor\yiisoft\yii2\base\InlineAction.php(57): call_user_func_array(Array, Array)
#5 C:\xampp\htdocs\tesbidang\vendor\yiisoft\yii2\base\Controller.php(157): yii\base\InlineAction->runWithParams(Array)
#6 C:\xampp\htdocs\tesbidang\vendor\yiisoft\yii2\base\Module.php(528): yii\base\Controller->runAction('', Array)
#7 C:\xampp\htdocs\tesbidang\vendor\yiisoft\yii2\web\Application.php(103): yii\base\Module->runAction('jawaban', Array)
#8 C:\xampp\htdocs\tesbidang\vendor\yiisoft\yii2\base\Application.php(386): yii\web\Application->handleRequest(Object(yii\web\Request))
#9 C:\xampp\htdocs\tesbidang\web\index.php(12): yii\base\Application->run()
#10 {main}
2020-03-09 09:25:28 [::1][-][affkpe061onsepo15hkr2jh4ov][info][application] $_GET = []

$_POST = []

$_FILES = []

$_COOKIE = [
    'PHPSESSID' => 'affkpe061onsepo15hkr2jh4ov'
    '_csrf' => '78f9f7a3887d026356b8ebab254f2e98711f8d2d3421c4a5df0369098fa6fb89a:2:{i:0;s:5:\"_csrf\";i:1;s:32:\"ksccl1EeiMesR62DfXk7EEQsq7VeVZM-\";}'
]

$_SESSION = [
    '__flash' => []
]

$_SERVER = [
    'REDIRECT_MIBDIRS' => 'C:/xampp/php/extras/mibs'
    'REDIRECT_MYSQL_HOME' => '\\xampp\\mysql\\bin'
    'REDIRECT_OPENSSL_CONF' => 'C:/xampp/apache/bin/openssl.cnf'
    'REDIRECT_PHP_PEAR_SYSCONF_DIR' => '\\xampp\\php'
    'REDIRECT_PHPRC' => '\\xampp\\php'
    'REDIRECT_TMP' => '\\xampp\\tmp'
    'REDIRECT_STATUS' => '200'
    'MIBDIRS' => 'C:/xampp/php/extras/mibs'
    'MYSQL_HOME' => '\\xampp\\mysql\\bin'
    'OPENSSL_CONF' => 'C:/xampp/apache/bin/openssl.cnf'
    'PHP_PEAR_SYSCONF_DIR' => '\\xampp\\php'
    'PHPRC' => '\\xampp\\php'
    'TMP' => '\\xampp\\tmp'
    'HTTP_HOST' => 'localhost'
    'HTTP_CONNECTION' => 'keep-alive'
    'HTTP_CACHE_CONTROL' => 'max-age=0'
    'HTTP_UPGRADE_INSECURE_REQUESTS' => '1'
    'HTTP_USER_AGENT' => 'Mozilla/5.0 (Windows NT 10.0; Win64; x64) AppleWebKit/537.36 (KHTML, like Gecko) Chrome/80.0.3987.132 Safari/537.36'
    'HTTP_SEC_FETCH_DEST' => 'document'
    'HTTP_ACCEPT' => 'text/html,application/xhtml+xml,application/xml;q=0.9,image/webp,image/apng,*/*;q=0.8,application/signed-exchange;v=b3;q=0.9'
    'HTTP_SEC_FETCH_SITE' => 'same-origin'
    'HTTP_SEC_FETCH_MODE' => 'navigate'
    'HTTP_SEC_FETCH_USER' => '?1'
    'HTTP_REFERER' => 'http://localhost/tesbidang/web/jawaban'
    'HTTP_ACCEPT_ENCODING' => 'gzip, deflate, br'
    'HTTP_ACCEPT_LANGUAGE' => 'en-US,en;q=0.9'
    'HTTP_COOKIE' => 'PHPSESSID=affkpe061onsepo15hkr2jh4ov; _csrf=78f9f7a3887d026356b8ebab254f2e98711f8d2d3421c4a5df0369098fa6fb89a%3A2%3A%7Bi%3A0%3Bs%3A5%3A%22_csrf%22%3Bi%3A1%3Bs%3A32%3A%22ksccl1EeiMesR62DfXk7EEQsq7VeVZM-%22%3B%7D'
    'PATH' => 'C:\\oracle\\instantclient_12_2;C:\\Program Files (x86)\\Common Files\\Oracle\\Java\\javapath;C:\\Python27\\;C:\\Python27\\Scripts;C:\\Windows\\system32;C:\\Windows;C:\\Windows\\System32\\Wbem;C:\\Windows\\System32\\WindowsPowerShell\\v1.0\\;C:\\Windows\\System32\\OpenSSH\\;C:\\Program Files\\Git\\cmd;C:\\Program Files\\nodejs\\;C:\\ProgramData\\chocolatey\\bin;C:\\Program Files\\Docker\\Docker\\resources\\bin;C:\\ProgramData\\DockerDesktop\\version-bin;C:\\oracle\\instantclient_12_2;C:\\Users\\Admin\\AppData\\Local\\Microsoft\\WindowsApps;C:\\Users\\Admin\\AppData\\Local\\GitHubDesktop\\bin;C:\\Users\\Admin\\AppData\\Local\\Programs\\Microsoft VS Code\\bin;C:\\Users\\Admin\\AppData\\Roaming\\npm;C:\\Program Files\\heroku\\bin;C:\\Program Files\\Docker Toolbox;'
    'SystemRoot' => 'C:\\Windows'
    'COMSPEC' => 'C:\\Windows\\system32\\cmd.exe'
    'PATHEXT' => '.COM;.EXE;.BAT;.CMD;.VBS;.VBE;.JS;.JSE;.WSF;.WSH;.MSC'
    'WINDIR' => 'C:\\Windows'
    'SERVER_SIGNATURE' => '<address>Apache/2.4.41 (Win64) OpenSSL/1.1.1c PHP/7.2.26 Server at localhost Port 80</address>
'
    'SERVER_SOFTWARE' => 'Apache/2.4.41 (Win64) OpenSSL/1.1.1c PHP/7.2.26'
    'SERVER_NAME' => 'localhost'
    'SERVER_ADDR' => '::1'
    'SERVER_PORT' => '80'
    'REMOTE_ADDR' => '::1'
    'DOCUMENT_ROOT' => 'C:/xampp/htdocs'
    'REQUEST_SCHEME' => 'http'
    'CONTEXT_PREFIX' => ''
    'CONTEXT_DOCUMENT_ROOT' => 'C:/xampp/htdocs'
    'SERVER_ADMIN' => 'postmaster@localhost'
    'SCRIPT_FILENAME' => 'C:/xampp/htdocs/tesbidang/web/index.php'
    'REMOTE_PORT' => '50233'
    'REDIRECT_URL' => '/tesbidang/web/jawaban'
    'GATEWAY_INTERFACE' => 'CGI/1.1'
    'SERVER_PROTOCOL' => 'HTTP/1.1'
    'REQUEST_METHOD' => 'GET'
    'QUERY_STRING' => ''
    'REQUEST_URI' => '/tesbidang/web/jawaban'
    'SCRIPT_NAME' => '/tesbidang/web/index.php'
    'PHP_SELF' => '/tesbidang/web/index.php'
    'REQUEST_TIME_FLOAT' => 1583742328.445
    'REQUEST_TIME' => 1583742328
]
2020-03-09 09:29:47 [::1][-][affkpe061onsepo15hkr2jh4ov][error][yii\web\HttpException:400] yii\web\BadRequestHttpException: Unable to verify your data submission. in C:\xampp\htdocs\tesbidang\vendor\yiisoft\yii2\web\Controller.php:187
Stack trace:
#0 C:\xampp\htdocs\tesbidang\vendor\yiisoft\yii2\base\Controller.php(155): yii\web\Controller->beforeAction(Object(yii\base\InlineAction))
#1 C:\xampp\htdocs\tesbidang\vendor\yiisoft\yii2\base\Module.php(528): yii\base\Controller->runAction('', Array)
#2 C:\xampp\htdocs\tesbidang\vendor\yiisoft\yii2\web\Application.php(103): yii\base\Module->runAction('jawaban', Array)
#3 C:\xampp\htdocs\tesbidang\vendor\yiisoft\yii2\base\Application.php(386): yii\web\Application->handleRequest(Object(yii\web\Request))
#4 C:\xampp\htdocs\tesbidang\web\index.php(12): yii\base\Application->run()
#5 {main}
2020-03-09 09:29:47 [::1][-][affkpe061onsepo15hkr2jh4ov][info][application] $_GET = []

$_POST = [
    'tester' => '            aaa, vvv, ccc
        '
]

$_FILES = []

$_COOKIE = [
    'PHPSESSID' => 'affkpe061onsepo15hkr2jh4ov'
    '_csrf' => '78f9f7a3887d026356b8ebab254f2e98711f8d2d3421c4a5df0369098fa6fb89a:2:{i:0;s:5:\"_csrf\";i:1;s:32:\"ksccl1EeiMesR62DfXk7EEQsq7VeVZM-\";}'
]

$_SESSION = [
    '__flash' => []
]

$_SERVER = [
    'REDIRECT_MIBDIRS' => 'C:/xampp/php/extras/mibs'
    'REDIRECT_MYSQL_HOME' => '\\xampp\\mysql\\bin'
    'REDIRECT_OPENSSL_CONF' => 'C:/xampp/apache/bin/openssl.cnf'
    'REDIRECT_PHP_PEAR_SYSCONF_DIR' => '\\xampp\\php'
    'REDIRECT_PHPRC' => '\\xampp\\php'
    'REDIRECT_TMP' => '\\xampp\\tmp'
    'REDIRECT_STATUS' => '200'
    'MIBDIRS' => 'C:/xampp/php/extras/mibs'
    'MYSQL_HOME' => '\\xampp\\mysql\\bin'
    'OPENSSL_CONF' => 'C:/xampp/apache/bin/openssl.cnf'
    'PHP_PEAR_SYSCONF_DIR' => '\\xampp\\php'
    'PHPRC' => '\\xampp\\php'
    'TMP' => '\\xampp\\tmp'
    'HTTP_HOST' => 'localhost'
    'HTTP_CONNECTION' => 'keep-alive'
    'CONTENT_LENGTH' => '50'
    'HTTP_CACHE_CONTROL' => 'max-age=0'
    'HTTP_ORIGIN' => 'http://localhost'
    'HTTP_UPGRADE_INSECURE_REQUESTS' => '1'
    'CONTENT_TYPE' => 'application/x-www-form-urlencoded'
    'HTTP_USER_AGENT' => 'Mozilla/5.0 (Windows NT 10.0; Win64; x64) AppleWebKit/537.36 (KHTML, like Gecko) Chrome/80.0.3987.132 Safari/537.36'
    'HTTP_SEC_FETCH_DEST' => 'document'
    'HTTP_ACCEPT' => 'text/html,application/xhtml+xml,application/xml;q=0.9,image/webp,image/apng,*/*;q=0.8,application/signed-exchange;v=b3;q=0.9'
    'HTTP_SEC_FETCH_SITE' => 'same-origin'
    'HTTP_SEC_FETCH_MODE' => 'navigate'
    'HTTP_SEC_FETCH_USER' => '?1'
    'HTTP_REFERER' => 'http://localhost/tesbidang/web/jawaban'
    'HTTP_ACCEPT_ENCODING' => 'gzip, deflate, br'
    'HTTP_ACCEPT_LANGUAGE' => 'en-US,en;q=0.9'
    'HTTP_COOKIE' => 'PHPSESSID=affkpe061onsepo15hkr2jh4ov; _csrf=78f9f7a3887d026356b8ebab254f2e98711f8d2d3421c4a5df0369098fa6fb89a%3A2%3A%7Bi%3A0%3Bs%3A5%3A%22_csrf%22%3Bi%3A1%3Bs%3A32%3A%22ksccl1EeiMesR62DfXk7EEQsq7VeVZM-%22%3B%7D'
    'PATH' => 'C:\\oracle\\instantclient_12_2;C:\\Program Files (x86)\\Common Files\\Oracle\\Java\\javapath;C:\\Python27\\;C:\\Python27\\Scripts;C:\\Windows\\system32;C:\\Windows;C:\\Windows\\System32\\Wbem;C:\\Windows\\System32\\WindowsPowerShell\\v1.0\\;C:\\Windows\\System32\\OpenSSH\\;C:\\Program Files\\Git\\cmd;C:\\Program Files\\nodejs\\;C:\\ProgramData\\chocolatey\\bin;C:\\Program Files\\Docker\\Docker\\resources\\bin;C:\\ProgramData\\DockerDesktop\\version-bin;C:\\oracle\\instantclient_12_2;C:\\Users\\Admin\\AppData\\Local\\Microsoft\\WindowsApps;C:\\Users\\Admin\\AppData\\Local\\GitHubDesktop\\bin;C:\\Users\\Admin\\AppData\\Local\\Programs\\Microsoft VS Code\\bin;C:\\Users\\Admin\\AppData\\Roaming\\npm;C:\\Program Files\\heroku\\bin;C:\\Program Files\\Docker Toolbox;'
    'SystemRoot' => 'C:\\Windows'
    'COMSPEC' => 'C:\\Windows\\system32\\cmd.exe'
    'PATHEXT' => '.COM;.EXE;.BAT;.CMD;.VBS;.VBE;.JS;.JSE;.WSF;.WSH;.MSC'
    'WINDIR' => 'C:\\Windows'
    'SERVER_SIGNATURE' => '<address>Apache/2.4.41 (Win64) OpenSSL/1.1.1c PHP/7.2.26 Server at localhost Port 80</address>
'
    'SERVER_SOFTWARE' => 'Apache/2.4.41 (Win64) OpenSSL/1.1.1c PHP/7.2.26'
    'SERVER_NAME' => 'localhost'
    'SERVER_ADDR' => '::1'
    'SERVER_PORT' => '80'
    'REMOTE_ADDR' => '::1'
    'DOCUMENT_ROOT' => 'C:/xampp/htdocs'
    'REQUEST_SCHEME' => 'http'
    'CONTEXT_PREFIX' => ''
    'CONTEXT_DOCUMENT_ROOT' => 'C:/xampp/htdocs'
    'SERVER_ADMIN' => 'postmaster@localhost'
    'SCRIPT_FILENAME' => 'C:/xampp/htdocs/tesbidang/web/index.php'
    'REMOTE_PORT' => '50366'
    'REDIRECT_URL' => '/tesbidang/web/jawaban'
    'GATEWAY_INTERFACE' => 'CGI/1.1'
    'SERVER_PROTOCOL' => 'HTTP/1.1'
    'REQUEST_METHOD' => 'POST'
    'QUERY_STRING' => ''
    'REQUEST_URI' => '/tesbidang/web/jawaban'
    'SCRIPT_NAME' => '/tesbidang/web/index.php'
    'PHP_SELF' => '/tesbidang/web/index.php'
    'REQUEST_TIME_FLOAT' => 1583742587.728
    'REQUEST_TIME' => 1583742587
]
2020-03-09 09:29:53 [::1][-][affkpe061onsepo15hkr2jh4ov][error][yii\web\HttpException:400] yii\web\BadRequestHttpException: Unable to verify your data submission. in C:\xampp\htdocs\tesbidang\vendor\yiisoft\yii2\web\Controller.php:187
Stack trace:
#0 C:\xampp\htdocs\tesbidang\vendor\yiisoft\yii2\base\Controller.php(155): yii\web\Controller->beforeAction(Object(yii\base\InlineAction))
#1 C:\xampp\htdocs\tesbidang\vendor\yiisoft\yii2\base\Module.php(528): yii\base\Controller->runAction('', Array)
#2 C:\xampp\htdocs\tesbidang\vendor\yiisoft\yii2\web\Application.php(103): yii\base\Module->runAction('jawaban', Array)
#3 C:\xampp\htdocs\tesbidang\vendor\yiisoft\yii2\base\Application.php(386): yii\web\Application->handleRequest(Object(yii\web\Request))
#4 C:\xampp\htdocs\tesbidang\web\index.php(12): yii\base\Application->run()
#5 {main}
2020-03-09 09:29:53 [::1][-][affkpe061onsepo15hkr2jh4ov][info][application] $_GET = []

$_POST = [
    'tester' => '            aaa, vvv, ccc
        '
]

$_FILES = []

$_COOKIE = [
    'PHPSESSID' => 'affkpe061onsepo15hkr2jh4ov'
    '_csrf' => '78f9f7a3887d026356b8ebab254f2e98711f8d2d3421c4a5df0369098fa6fb89a:2:{i:0;s:5:\"_csrf\";i:1;s:32:\"ksccl1EeiMesR62DfXk7EEQsq7VeVZM-\";}'
]

$_SESSION = [
    '__flash' => []
]

$_SERVER = [
    'REDIRECT_MIBDIRS' => 'C:/xampp/php/extras/mibs'
    'REDIRECT_MYSQL_HOME' => '\\xampp\\mysql\\bin'
    'REDIRECT_OPENSSL_CONF' => 'C:/xampp/apache/bin/openssl.cnf'
    'REDIRECT_PHP_PEAR_SYSCONF_DIR' => '\\xampp\\php'
    'REDIRECT_PHPRC' => '\\xampp\\php'
    'REDIRECT_TMP' => '\\xampp\\tmp'
    'REDIRECT_STATUS' => '200'
    'MIBDIRS' => 'C:/xampp/php/extras/mibs'
    'MYSQL_HOME' => '\\xampp\\mysql\\bin'
    'OPENSSL_CONF' => 'C:/xampp/apache/bin/openssl.cnf'
    'PHP_PEAR_SYSCONF_DIR' => '\\xampp\\php'
    'PHPRC' => '\\xampp\\php'
    'TMP' => '\\xampp\\tmp'
    'HTTP_HOST' => 'localhost'
    'HTTP_CONNECTION' => 'keep-alive'
    'CONTENT_LENGTH' => '50'
    'HTTP_CACHE_CONTROL' => 'max-age=0'
    'HTTP_ORIGIN' => 'http://localhost'
    'HTTP_UPGRADE_INSECURE_REQUESTS' => '1'
    'CONTENT_TYPE' => 'application/x-www-form-urlencoded'
    'HTTP_USER_AGENT' => 'Mozilla/5.0 (Windows NT 10.0; Win64; x64) AppleWebKit/537.36 (KHTML, like Gecko) Chrome/80.0.3987.132 Safari/537.36'
    'HTTP_SEC_FETCH_DEST' => 'document'
    'HTTP_ACCEPT' => 'text/html,application/xhtml+xml,application/xml;q=0.9,image/webp,image/apng,*/*;q=0.8,application/signed-exchange;v=b3;q=0.9'
    'HTTP_SEC_FETCH_SITE' => 'same-origin'
    'HTTP_SEC_FETCH_MODE' => 'navigate'
    'HTTP_SEC_FETCH_USER' => '?1'
    'HTTP_REFERER' => 'http://localhost/tesbidang/web/jawaban'
    'HTTP_ACCEPT_ENCODING' => 'gzip, deflate, br'
    'HTTP_ACCEPT_LANGUAGE' => 'en-US,en;q=0.9'
    'HTTP_COOKIE' => 'PHPSESSID=affkpe061onsepo15hkr2jh4ov; _csrf=78f9f7a3887d026356b8ebab254f2e98711f8d2d3421c4a5df0369098fa6fb89a%3A2%3A%7Bi%3A0%3Bs%3A5%3A%22_csrf%22%3Bi%3A1%3Bs%3A32%3A%22ksccl1EeiMesR62DfXk7EEQsq7VeVZM-%22%3B%7D'
    'PATH' => 'C:\\oracle\\instantclient_12_2;C:\\Program Files (x86)\\Common Files\\Oracle\\Java\\javapath;C:\\Python27\\;C:\\Python27\\Scripts;C:\\Windows\\system32;C:\\Windows;C:\\Windows\\System32\\Wbem;C:\\Windows\\System32\\WindowsPowerShell\\v1.0\\;C:\\Windows\\System32\\OpenSSH\\;C:\\Program Files\\Git\\cmd;C:\\Program Files\\nodejs\\;C:\\ProgramData\\chocolatey\\bin;C:\\Program Files\\Docker\\Docker\\resources\\bin;C:\\ProgramData\\DockerDesktop\\version-bin;C:\\oracle\\instantclient_12_2;C:\\Users\\Admin\\AppData\\Local\\Microsoft\\WindowsApps;C:\\Users\\Admin\\AppData\\Local\\GitHubDesktop\\bin;C:\\Users\\Admin\\AppData\\Local\\Programs\\Microsoft VS Code\\bin;C:\\Users\\Admin\\AppData\\Roaming\\npm;C:\\Program Files\\heroku\\bin;C:\\Program Files\\Docker Toolbox;'
    'SystemRoot' => 'C:\\Windows'
    'COMSPEC' => 'C:\\Windows\\system32\\cmd.exe'
    'PATHEXT' => '.COM;.EXE;.BAT;.CMD;.VBS;.VBE;.JS;.JSE;.WSF;.WSH;.MSC'
    'WINDIR' => 'C:\\Windows'
    'SERVER_SIGNATURE' => '<address>Apache/2.4.41 (Win64) OpenSSL/1.1.1c PHP/7.2.26 Server at localhost Port 80</address>
'
    'SERVER_SOFTWARE' => 'Apache/2.4.41 (Win64) OpenSSL/1.1.1c PHP/7.2.26'
    'SERVER_NAME' => 'localhost'
    'SERVER_ADDR' => '::1'
    'SERVER_PORT' => '80'
    'REMOTE_ADDR' => '::1'
    'DOCUMENT_ROOT' => 'C:/xampp/htdocs'
    'REQUEST_SCHEME' => 'http'
    'CONTEXT_PREFIX' => ''
    'CONTEXT_DOCUMENT_ROOT' => 'C:/xampp/htdocs'
    'SERVER_ADMIN' => 'postmaster@localhost'
    'SCRIPT_FILENAME' => 'C:/xampp/htdocs/tesbidang/web/index.php'
    'REMOTE_PORT' => '50368'
    'REDIRECT_URL' => '/tesbidang/web/jawaban'
    'GATEWAY_INTERFACE' => 'CGI/1.1'
    'SERVER_PROTOCOL' => 'HTTP/1.1'
    'REQUEST_METHOD' => 'POST'
    'QUERY_STRING' => ''
    'REQUEST_URI' => '/tesbidang/web/jawaban'
    'SCRIPT_NAME' => '/tesbidang/web/index.php'
    'PHP_SELF' => '/tesbidang/web/index.php'
    'REQUEST_TIME_FLOAT' => 1583742593.36
    'REQUEST_TIME' => 1583742593
]
2020-03-09 09:30:37 [::1][-][affkpe061onsepo15hkr2jh4ov][error][yii\web\HttpException:400] yii\web\BadRequestHttpException: Unable to verify your data submission. in C:\xampp\htdocs\tesbidang\vendor\yiisoft\yii2\web\Controller.php:187
Stack trace:
#0 C:\xampp\htdocs\tesbidang\vendor\yiisoft\yii2\base\Controller.php(155): yii\web\Controller->beforeAction(Object(yii\base\InlineAction))
#1 C:\xampp\htdocs\tesbidang\vendor\yiisoft\yii2\base\Module.php(528): yii\base\Controller->runAction('', Array)
#2 C:\xampp\htdocs\tesbidang\vendor\yiisoft\yii2\web\Application.php(103): yii\base\Module->runAction('jawaban', Array)
#3 C:\xampp\htdocs\tesbidang\vendor\yiisoft\yii2\base\Application.php(386): yii\web\Application->handleRequest(Object(yii\web\Request))
#4 C:\xampp\htdocs\tesbidang\web\index.php(12): yii\base\Application->run()
#5 {main}
2020-03-09 09:30:37 [::1][-][affkpe061onsepo15hkr2jh4ov][info][application] $_GET = []

$_POST = [
    'tester' => '            aaa, vvv, ccc
        '
]

$_FILES = []

$_COOKIE = [
    'PHPSESSID' => 'affkpe061onsepo15hkr2jh4ov'
    '_csrf' => '78f9f7a3887d026356b8ebab254f2e98711f8d2d3421c4a5df0369098fa6fb89a:2:{i:0;s:5:\"_csrf\";i:1;s:32:\"ksccl1EeiMesR62DfXk7EEQsq7VeVZM-\";}'
]

$_SESSION = [
    '__flash' => []
]

$_SERVER = [
    'REDIRECT_MIBDIRS' => 'C:/xampp/php/extras/mibs'
    'REDIRECT_MYSQL_HOME' => '\\xampp\\mysql\\bin'
    'REDIRECT_OPENSSL_CONF' => 'C:/xampp/apache/bin/openssl.cnf'
    'REDIRECT_PHP_PEAR_SYSCONF_DIR' => '\\xampp\\php'
    'REDIRECT_PHPRC' => '\\xampp\\php'
    'REDIRECT_TMP' => '\\xampp\\tmp'
    'REDIRECT_STATUS' => '200'
    'MIBDIRS' => 'C:/xampp/php/extras/mibs'
    'MYSQL_HOME' => '\\xampp\\mysql\\bin'
    'OPENSSL_CONF' => 'C:/xampp/apache/bin/openssl.cnf'
    'PHP_PEAR_SYSCONF_DIR' => '\\xampp\\php'
    'PHPRC' => '\\xampp\\php'
    'TMP' => '\\xampp\\tmp'
    'HTTP_HOST' => 'localhost'
    'HTTP_CONNECTION' => 'keep-alive'
    'CONTENT_LENGTH' => '50'
    'HTTP_CACHE_CONTROL' => 'max-age=0'
    'HTTP_UPGRADE_INSECURE_REQUESTS' => '1'
    'HTTP_USER_AGENT' => 'Mozilla/5.0 (Windows NT 10.0; Win64; x64) AppleWebKit/537.36 (KHTML, like Gecko) Chrome/80.0.3987.132 Safari/537.36'
    'HTTP_SEC_FETCH_DEST' => 'document'
    'HTTP_ORIGIN' => 'http://localhost'
    'CONTENT_TYPE' => 'application/x-www-form-urlencoded'
    'HTTP_ACCEPT' => 'text/html,application/xhtml+xml,application/xml;q=0.9,image/webp,image/apng,*/*;q=0.8,application/signed-exchange;v=b3;q=0.9'
    'HTTP_SEC_FETCH_SITE' => 'same-origin'
    'HTTP_SEC_FETCH_MODE' => 'navigate'
    'HTTP_SEC_FETCH_USER' => '?1'
    'HTTP_REFERER' => 'http://localhost/tesbidang/web/jawaban'
    'HTTP_ACCEPT_ENCODING' => 'gzip, deflate, br'
    'HTTP_ACCEPT_LANGUAGE' => 'en-US,en;q=0.9'
    'HTTP_COOKIE' => 'PHPSESSID=affkpe061onsepo15hkr2jh4ov; _csrf=78f9f7a3887d026356b8ebab254f2e98711f8d2d3421c4a5df0369098fa6fb89a%3A2%3A%7Bi%3A0%3Bs%3A5%3A%22_csrf%22%3Bi%3A1%3Bs%3A32%3A%22ksccl1EeiMesR62DfXk7EEQsq7VeVZM-%22%3B%7D'
    'PATH' => 'C:\\oracle\\instantclient_12_2;C:\\Program Files (x86)\\Common Files\\Oracle\\Java\\javapath;C:\\Python27\\;C:\\Python27\\Scripts;C:\\Windows\\system32;C:\\Windows;C:\\Windows\\System32\\Wbem;C:\\Windows\\System32\\WindowsPowerShell\\v1.0\\;C:\\Windows\\System32\\OpenSSH\\;C:\\Program Files\\Git\\cmd;C:\\Program Files\\nodejs\\;C:\\ProgramData\\chocolatey\\bin;C:\\Program Files\\Docker\\Docker\\resources\\bin;C:\\ProgramData\\DockerDesktop\\version-bin;C:\\oracle\\instantclient_12_2;C:\\Users\\Admin\\AppData\\Local\\Microsoft\\WindowsApps;C:\\Users\\Admin\\AppData\\Local\\GitHubDesktop\\bin;C:\\Users\\Admin\\AppData\\Local\\Programs\\Microsoft VS Code\\bin;C:\\Users\\Admin\\AppData\\Roaming\\npm;C:\\Program Files\\heroku\\bin;C:\\Program Files\\Docker Toolbox;'
    'SystemRoot' => 'C:\\Windows'
    'COMSPEC' => 'C:\\Windows\\system32\\cmd.exe'
    'PATHEXT' => '.COM;.EXE;.BAT;.CMD;.VBS;.VBE;.JS;.JSE;.WSF;.WSH;.MSC'
    'WINDIR' => 'C:\\Windows'
    'SERVER_SIGNATURE' => '<address>Apache/2.4.41 (Win64) OpenSSL/1.1.1c PHP/7.2.26 Server at localhost Port 80</address>
'
    'SERVER_SOFTWARE' => 'Apache/2.4.41 (Win64) OpenSSL/1.1.1c PHP/7.2.26'
    'SERVER_NAME' => 'localhost'
    'SERVER_ADDR' => '::1'
    'SERVER_PORT' => '80'
    'REMOTE_ADDR' => '::1'
    'DOCUMENT_ROOT' => 'C:/xampp/htdocs'
    'REQUEST_SCHEME' => 'http'
    'CONTEXT_PREFIX' => ''
    'CONTEXT_DOCUMENT_ROOT' => 'C:/xampp/htdocs'
    'SERVER_ADMIN' => 'postmaster@localhost'
    'SCRIPT_FILENAME' => 'C:/xampp/htdocs/tesbidang/web/index.php'
    'REMOTE_PORT' => '50376'
    'REDIRECT_URL' => '/tesbidang/web/jawaban'
    'GATEWAY_INTERFACE' => 'CGI/1.1'
    'SERVER_PROTOCOL' => 'HTTP/1.1'
    'REQUEST_METHOD' => 'POST'
    'QUERY_STRING' => ''
    'REQUEST_URI' => '/tesbidang/web/jawaban'
    'SCRIPT_NAME' => '/tesbidang/web/index.php'
    'PHP_SELF' => '/tesbidang/web/index.php'
    'REQUEST_TIME_FLOAT' => 1583742637.808
    'REQUEST_TIME' => 1583742637
]
2020-03-09 09:30:51 [::1][-][affkpe061onsepo15hkr2jh4ov][error][yii\web\HttpException:400] yii\web\BadRequestHttpException: Unable to verify your data submission. in C:\xampp\htdocs\tesbidang\vendor\yiisoft\yii2\web\Controller.php:187
Stack trace:
#0 C:\xampp\htdocs\tesbidang\vendor\yiisoft\yii2\base\Controller.php(155): yii\web\Controller->beforeAction(Object(yii\base\InlineAction))
#1 C:\xampp\htdocs\tesbidang\vendor\yiisoft\yii2\base\Module.php(528): yii\base\Controller->runAction('', Array)
#2 C:\xampp\htdocs\tesbidang\vendor\yiisoft\yii2\web\Application.php(103): yii\base\Module->runAction('jawaban', Array)
#3 C:\xampp\htdocs\tesbidang\vendor\yiisoft\yii2\base\Application.php(386): yii\web\Application->handleRequest(Object(yii\web\Request))
#4 C:\xampp\htdocs\tesbidang\web\index.php(12): yii\base\Application->run()
#5 {main}
2020-03-09 09:30:51 [::1][-][affkpe061onsepo15hkr2jh4ov][info][application] $_GET = []

$_POST = [
    'tester' => 'aaa, vvv, ccc'
]

$_FILES = []

$_COOKIE = [
    'PHPSESSID' => 'affkpe061onsepo15hkr2jh4ov'
    '_csrf' => '78f9f7a3887d026356b8ebab254f2e98711f8d2d3421c4a5df0369098fa6fb89a:2:{i:0;s:5:\"_csrf\";i:1;s:32:\"ksccl1EeiMesR62DfXk7EEQsq7VeVZM-\";}'
]

$_SESSION = [
    '__flash' => []
]

$_SERVER = [
    'REDIRECT_MIBDIRS' => 'C:/xampp/php/extras/mibs'
    'REDIRECT_MYSQL_HOME' => '\\xampp\\mysql\\bin'
    'REDIRECT_OPENSSL_CONF' => 'C:/xampp/apache/bin/openssl.cnf'
    'REDIRECT_PHP_PEAR_SYSCONF_DIR' => '\\xampp\\php'
    'REDIRECT_PHPRC' => '\\xampp\\php'
    'REDIRECT_TMP' => '\\xampp\\tmp'
    'REDIRECT_STATUS' => '200'
    'MIBDIRS' => 'C:/xampp/php/extras/mibs'
    'MYSQL_HOME' => '\\xampp\\mysql\\bin'
    'OPENSSL_CONF' => 'C:/xampp/apache/bin/openssl.cnf'
    'PHP_PEAR_SYSCONF_DIR' => '\\xampp\\php'
    'PHPRC' => '\\xampp\\php'
    'TMP' => '\\xampp\\tmp'
    'HTTP_HOST' => 'localhost'
    'HTTP_CONNECTION' => 'keep-alive'
    'CONTENT_LENGTH' => '24'
    'HTTP_CACHE_CONTROL' => 'max-age=0'
    'HTTP_ORIGIN' => 'http://localhost'
    'HTTP_UPGRADE_INSECURE_REQUESTS' => '1'
    'CONTENT_TYPE' => 'application/x-www-form-urlencoded'
    'HTTP_USER_AGENT' => 'Mozilla/5.0 (Windows NT 10.0; Win64; x64) AppleWebKit/537.36 (KHTML, like Gecko) Chrome/80.0.3987.132 Safari/537.36'
    'HTTP_SEC_FETCH_DEST' => 'document'
    'HTTP_ACCEPT' => 'text/html,application/xhtml+xml,application/xml;q=0.9,image/webp,image/apng,*/*;q=0.8,application/signed-exchange;v=b3;q=0.9'
    'HTTP_SEC_FETCH_SITE' => 'same-origin'
    'HTTP_SEC_FETCH_MODE' => 'navigate'
    'HTTP_SEC_FETCH_USER' => '?1'
    'HTTP_REFERER' => 'http://localhost/tesbidang/web/jawaban'
    'HTTP_ACCEPT_ENCODING' => 'gzip, deflate, br'
    'HTTP_ACCEPT_LANGUAGE' => 'en-US,en;q=0.9'
    'HTTP_COOKIE' => 'PHPSESSID=affkpe061onsepo15hkr2jh4ov; _csrf=78f9f7a3887d026356b8ebab254f2e98711f8d2d3421c4a5df0369098fa6fb89a%3A2%3A%7Bi%3A0%3Bs%3A5%3A%22_csrf%22%3Bi%3A1%3Bs%3A32%3A%22ksccl1EeiMesR62DfXk7EEQsq7VeVZM-%22%3B%7D'
    'PATH' => 'C:\\oracle\\instantclient_12_2;C:\\Program Files (x86)\\Common Files\\Oracle\\Java\\javapath;C:\\Python27\\;C:\\Python27\\Scripts;C:\\Windows\\system32;C:\\Windows;C:\\Windows\\System32\\Wbem;C:\\Windows\\System32\\WindowsPowerShell\\v1.0\\;C:\\Windows\\System32\\OpenSSH\\;C:\\Program Files\\Git\\cmd;C:\\Program Files\\nodejs\\;C:\\ProgramData\\chocolatey\\bin;C:\\Program Files\\Docker\\Docker\\resources\\bin;C:\\ProgramData\\DockerDesktop\\version-bin;C:\\oracle\\instantclient_12_2;C:\\Users\\Admin\\AppData\\Local\\Microsoft\\WindowsApps;C:\\Users\\Admin\\AppData\\Local\\GitHubDesktop\\bin;C:\\Users\\Admin\\AppData\\Local\\Programs\\Microsoft VS Code\\bin;C:\\Users\\Admin\\AppData\\Roaming\\npm;C:\\Program Files\\heroku\\bin;C:\\Program Files\\Docker Toolbox;'
    'SystemRoot' => 'C:\\Windows'
    'COMSPEC' => 'C:\\Windows\\system32\\cmd.exe'
    'PATHEXT' => '.COM;.EXE;.BAT;.CMD;.VBS;.VBE;.JS;.JSE;.WSF;.WSH;.MSC'
    'WINDIR' => 'C:\\Windows'
    'SERVER_SIGNATURE' => '<address>Apache/2.4.41 (Win64) OpenSSL/1.1.1c PHP/7.2.26 Server at localhost Port 80</address>
'
    'SERVER_SOFTWARE' => 'Apache/2.4.41 (Win64) OpenSSL/1.1.1c PHP/7.2.26'
    'SERVER_NAME' => 'localhost'
    'SERVER_ADDR' => '::1'
    'SERVER_PORT' => '80'
    'REMOTE_ADDR' => '::1'
    'DOCUMENT_ROOT' => 'C:/xampp/htdocs'
    'REQUEST_SCHEME' => 'http'
    'CONTEXT_PREFIX' => ''
    'CONTEXT_DOCUMENT_ROOT' => 'C:/xampp/htdocs'
    'SERVER_ADMIN' => 'postmaster@localhost'
    'SCRIPT_FILENAME' => 'C:/xampp/htdocs/tesbidang/web/index.php'
    'REMOTE_PORT' => '50382'
    'REDIRECT_URL' => '/tesbidang/web/jawaban'
    'GATEWAY_INTERFACE' => 'CGI/1.1'
    'SERVER_PROTOCOL' => 'HTTP/1.1'
    'REQUEST_METHOD' => 'POST'
    'QUERY_STRING' => ''
    'REQUEST_URI' => '/tesbidang/web/jawaban'
    'SCRIPT_NAME' => '/tesbidang/web/index.php'
    'PHP_SELF' => '/tesbidang/web/index.php'
    'REQUEST_TIME_FLOAT' => 1583742651.28
    'REQUEST_TIME' => 1583742651
]
2020-03-09 09:30:54 [::1][-][affkpe061onsepo15hkr2jh4ov][error][yii\web\HttpException:400] yii\web\BadRequestHttpException: Unable to verify your data submission. in C:\xampp\htdocs\tesbidang\vendor\yiisoft\yii2\web\Controller.php:187
Stack trace:
#0 C:\xampp\htdocs\tesbidang\vendor\yiisoft\yii2\base\Controller.php(155): yii\web\Controller->beforeAction(Object(yii\base\InlineAction))
#1 C:\xampp\htdocs\tesbidang\vendor\yiisoft\yii2\base\Module.php(528): yii\base\Controller->runAction('', Array)
#2 C:\xampp\htdocs\tesbidang\vendor\yiisoft\yii2\web\Application.php(103): yii\base\Module->runAction('jawaban', Array)
#3 C:\xampp\htdocs\tesbidang\vendor\yiisoft\yii2\base\Application.php(386): yii\web\Application->handleRequest(Object(yii\web\Request))
#4 C:\xampp\htdocs\tesbidang\web\index.php(12): yii\base\Application->run()
#5 {main}
2020-03-09 09:30:54 [::1][-][affkpe061onsepo15hkr2jh4ov][info][application] $_GET = []

$_POST = [
    'tester' => 'aaa, vvv, ccc'
]

$_FILES = []

$_COOKIE = [
    'PHPSESSID' => 'affkpe061onsepo15hkr2jh4ov'
    '_csrf' => '78f9f7a3887d026356b8ebab254f2e98711f8d2d3421c4a5df0369098fa6fb89a:2:{i:0;s:5:\"_csrf\";i:1;s:32:\"ksccl1EeiMesR62DfXk7EEQsq7VeVZM-\";}'
]

$_SESSION = [
    '__flash' => []
]

$_SERVER = [
    'REDIRECT_MIBDIRS' => 'C:/xampp/php/extras/mibs'
    'REDIRECT_MYSQL_HOME' => '\\xampp\\mysql\\bin'
    'REDIRECT_OPENSSL_CONF' => 'C:/xampp/apache/bin/openssl.cnf'
    'REDIRECT_PHP_PEAR_SYSCONF_DIR' => '\\xampp\\php'
    'REDIRECT_PHPRC' => '\\xampp\\php'
    'REDIRECT_TMP' => '\\xampp\\tmp'
    'REDIRECT_STATUS' => '200'
    'MIBDIRS' => 'C:/xampp/php/extras/mibs'
    'MYSQL_HOME' => '\\xampp\\mysql\\bin'
    'OPENSSL_CONF' => 'C:/xampp/apache/bin/openssl.cnf'
    'PHP_PEAR_SYSCONF_DIR' => '\\xampp\\php'
    'PHPRC' => '\\xampp\\php'
    'TMP' => '\\xampp\\tmp'
    'HTTP_HOST' => 'localhost'
    'HTTP_CONNECTION' => 'keep-alive'
    'CONTENT_LENGTH' => '24'
    'HTTP_CACHE_CONTROL' => 'max-age=0'
    'HTTP_ORIGIN' => 'http://localhost'
    'HTTP_UPGRADE_INSECURE_REQUESTS' => '1'
    'CONTENT_TYPE' => 'application/x-www-form-urlencoded'
    'HTTP_USER_AGENT' => 'Mozilla/5.0 (Windows NT 10.0; Win64; x64) AppleWebKit/537.36 (KHTML, like Gecko) Chrome/80.0.3987.132 Safari/537.36'
    'HTTP_SEC_FETCH_DEST' => 'document'
    'HTTP_ACCEPT' => 'text/html,application/xhtml+xml,application/xml;q=0.9,image/webp,image/apng,*/*;q=0.8,application/signed-exchange;v=b3;q=0.9'
    'HTTP_SEC_FETCH_SITE' => 'same-origin'
    'HTTP_SEC_FETCH_MODE' => 'navigate'
    'HTTP_SEC_FETCH_USER' => '?1'
    'HTTP_REFERER' => 'http://localhost/tesbidang/web/jawaban'
    'HTTP_ACCEPT_ENCODING' => 'gzip, deflate, br'
    'HTTP_ACCEPT_LANGUAGE' => 'en-US,en;q=0.9'
    'HTTP_COOKIE' => 'PHPSESSID=affkpe061onsepo15hkr2jh4ov; _csrf=78f9f7a3887d026356b8ebab254f2e98711f8d2d3421c4a5df0369098fa6fb89a%3A2%3A%7Bi%3A0%3Bs%3A5%3A%22_csrf%22%3Bi%3A1%3Bs%3A32%3A%22ksccl1EeiMesR62DfXk7EEQsq7VeVZM-%22%3B%7D'
    'PATH' => 'C:\\oracle\\instantclient_12_2;C:\\Program Files (x86)\\Common Files\\Oracle\\Java\\javapath;C:\\Python27\\;C:\\Python27\\Scripts;C:\\Windows\\system32;C:\\Windows;C:\\Windows\\System32\\Wbem;C:\\Windows\\System32\\WindowsPowerShell\\v1.0\\;C:\\Windows\\System32\\OpenSSH\\;C:\\Program Files\\Git\\cmd;C:\\Program Files\\nodejs\\;C:\\ProgramData\\chocolatey\\bin;C:\\Program Files\\Docker\\Docker\\resources\\bin;C:\\ProgramData\\DockerDesktop\\version-bin;C:\\oracle\\instantclient_12_2;C:\\Users\\Admin\\AppData\\Local\\Microsoft\\WindowsApps;C:\\Users\\Admin\\AppData\\Local\\GitHubDesktop\\bin;C:\\Users\\Admin\\AppData\\Local\\Programs\\Microsoft VS Code\\bin;C:\\Users\\Admin\\AppData\\Roaming\\npm;C:\\Program Files\\heroku\\bin;C:\\Program Files\\Docker Toolbox;'
    'SystemRoot' => 'C:\\Windows'
    'COMSPEC' => 'C:\\Windows\\system32\\cmd.exe'
    'PATHEXT' => '.COM;.EXE;.BAT;.CMD;.VBS;.VBE;.JS;.JSE;.WSF;.WSH;.MSC'
    'WINDIR' => 'C:\\Windows'
    'SERVER_SIGNATURE' => '<address>Apache/2.4.41 (Win64) OpenSSL/1.1.1c PHP/7.2.26 Server at localhost Port 80</address>
'
    'SERVER_SOFTWARE' => 'Apache/2.4.41 (Win64) OpenSSL/1.1.1c PHP/7.2.26'
    'SERVER_NAME' => 'localhost'
    'SERVER_ADDR' => '::1'
    'SERVER_PORT' => '80'
    'REMOTE_ADDR' => '::1'
    'DOCUMENT_ROOT' => 'C:/xampp/htdocs'
    'REQUEST_SCHEME' => 'http'
    'CONTEXT_PREFIX' => ''
    'CONTEXT_DOCUMENT_ROOT' => 'C:/xampp/htdocs'
    'SERVER_ADMIN' => 'postmaster@localhost'
    'SCRIPT_FILENAME' => 'C:/xampp/htdocs/tesbidang/web/index.php'
    'REMOTE_PORT' => '50383'
    'REDIRECT_URL' => '/tesbidang/web/jawaban'
    'GATEWAY_INTERFACE' => 'CGI/1.1'
    'SERVER_PROTOCOL' => 'HTTP/1.1'
    'REQUEST_METHOD' => 'POST'
    'QUERY_STRING' => ''
    'REQUEST_URI' => '/tesbidang/web/jawaban'
    'SCRIPT_NAME' => '/tesbidang/web/index.php'
    'PHP_SELF' => '/tesbidang/web/index.php'
    'REQUEST_TIME_FLOAT' => 1583742654.865
    'REQUEST_TIME' => 1583742654
]
2020-03-09 09:31:08 [::1][-][affkpe061onsepo15hkr2jh4ov][error][yii\web\HttpException:400] yii\web\BadRequestHttpException: Unable to verify your data submission. in C:\xampp\htdocs\tesbidang\vendor\yiisoft\yii2\web\Controller.php:187
Stack trace:
#0 C:\xampp\htdocs\tesbidang\vendor\yiisoft\yii2\base\Controller.php(155): yii\web\Controller->beforeAction(Object(yii\base\InlineAction))
#1 C:\xampp\htdocs\tesbidang\vendor\yiisoft\yii2\base\Module.php(528): yii\base\Controller->runAction('', Array)
#2 C:\xampp\htdocs\tesbidang\vendor\yiisoft\yii2\web\Application.php(103): yii\base\Module->runAction('jawaban', Array)
#3 C:\xampp\htdocs\tesbidang\vendor\yiisoft\yii2\base\Application.php(386): yii\web\Application->handleRequest(Object(yii\web\Request))
#4 C:\xampp\htdocs\tesbidang\web\index.php(12): yii\base\Application->run()
#5 {main}
2020-03-09 09:31:08 [::1][-][affkpe061onsepo15hkr2jh4ov][info][application] $_GET = []

$_POST = [
    'tester' => 'aaa, vvv, ccc'
]

$_FILES = []

$_COOKIE = [
    'PHPSESSID' => 'affkpe061onsepo15hkr2jh4ov'
    '_csrf' => '78f9f7a3887d026356b8ebab254f2e98711f8d2d3421c4a5df0369098fa6fb89a:2:{i:0;s:5:\"_csrf\";i:1;s:32:\"ksccl1EeiMesR62DfXk7EEQsq7VeVZM-\";}'
]

$_SESSION = [
    '__flash' => []
]

$_SERVER = [
    'REDIRECT_MIBDIRS' => 'C:/xampp/php/extras/mibs'
    'REDIRECT_MYSQL_HOME' => '\\xampp\\mysql\\bin'
    'REDIRECT_OPENSSL_CONF' => 'C:/xampp/apache/bin/openssl.cnf'
    'REDIRECT_PHP_PEAR_SYSCONF_DIR' => '\\xampp\\php'
    'REDIRECT_PHPRC' => '\\xampp\\php'
    'REDIRECT_TMP' => '\\xampp\\tmp'
    'REDIRECT_STATUS' => '200'
    'MIBDIRS' => 'C:/xampp/php/extras/mibs'
    'MYSQL_HOME' => '\\xampp\\mysql\\bin'
    'OPENSSL_CONF' => 'C:/xampp/apache/bin/openssl.cnf'
    'PHP_PEAR_SYSCONF_DIR' => '\\xampp\\php'
    'PHPRC' => '\\xampp\\php'
    'TMP' => '\\xampp\\tmp'
    'HTTP_HOST' => 'localhost'
    'HTTP_CONNECTION' => 'keep-alive'
    'CONTENT_LENGTH' => '24'
    'HTTP_CACHE_CONTROL' => 'max-age=0'
    'HTTP_ORIGIN' => 'http://localhost'
    'HTTP_UPGRADE_INSECURE_REQUESTS' => '1'
    'CONTENT_TYPE' => 'application/x-www-form-urlencoded'
    'HTTP_USER_AGENT' => 'Mozilla/5.0 (Windows NT 10.0; Win64; x64) AppleWebKit/537.36 (KHTML, like Gecko) Chrome/80.0.3987.132 Safari/537.36'
    'HTTP_SEC_FETCH_DEST' => 'document'
    'HTTP_ACCEPT' => 'text/html,application/xhtml+xml,application/xml;q=0.9,image/webp,image/apng,*/*;q=0.8,application/signed-exchange;v=b3;q=0.9'
    'HTTP_SEC_FETCH_SITE' => 'same-origin'
    'HTTP_SEC_FETCH_MODE' => 'navigate'
    'HTTP_SEC_FETCH_USER' => '?1'
    'HTTP_REFERER' => 'http://localhost/tesbidang/web/jawaban'
    'HTTP_ACCEPT_ENCODING' => 'gzip, deflate, br'
    'HTTP_ACCEPT_LANGUAGE' => 'en-US,en;q=0.9'
    'HTTP_COOKIE' => 'PHPSESSID=affkpe061onsepo15hkr2jh4ov; _csrf=78f9f7a3887d026356b8ebab254f2e98711f8d2d3421c4a5df0369098fa6fb89a%3A2%3A%7Bi%3A0%3Bs%3A5%3A%22_csrf%22%3Bi%3A1%3Bs%3A32%3A%22ksccl1EeiMesR62DfXk7EEQsq7VeVZM-%22%3B%7D'
    'PATH' => 'C:\\oracle\\instantclient_12_2;C:\\Program Files (x86)\\Common Files\\Oracle\\Java\\javapath;C:\\Python27\\;C:\\Python27\\Scripts;C:\\Windows\\system32;C:\\Windows;C:\\Windows\\System32\\Wbem;C:\\Windows\\System32\\WindowsPowerShell\\v1.0\\;C:\\Windows\\System32\\OpenSSH\\;C:\\Program Files\\Git\\cmd;C:\\Program Files\\nodejs\\;C:\\ProgramData\\chocolatey\\bin;C:\\Program Files\\Docker\\Docker\\resources\\bin;C:\\ProgramData\\DockerDesktop\\version-bin;C:\\oracle\\instantclient_12_2;C:\\Users\\Admin\\AppData\\Local\\Microsoft\\WindowsApps;C:\\Users\\Admin\\AppData\\Local\\GitHubDesktop\\bin;C:\\Users\\Admin\\AppData\\Local\\Programs\\Microsoft VS Code\\bin;C:\\Users\\Admin\\AppData\\Roaming\\npm;C:\\Program Files\\heroku\\bin;C:\\Program Files\\Docker Toolbox;'
    'SystemRoot' => 'C:\\Windows'
    'COMSPEC' => 'C:\\Windows\\system32\\cmd.exe'
    'PATHEXT' => '.COM;.EXE;.BAT;.CMD;.VBS;.VBE;.JS;.JSE;.WSF;.WSH;.MSC'
    'WINDIR' => 'C:\\Windows'
    'SERVER_SIGNATURE' => '<address>Apache/2.4.41 (Win64) OpenSSL/1.1.1c PHP/7.2.26 Server at localhost Port 80</address>
'
    'SERVER_SOFTWARE' => 'Apache/2.4.41 (Win64) OpenSSL/1.1.1c PHP/7.2.26'
    'SERVER_NAME' => 'localhost'
    'SERVER_ADDR' => '::1'
    'SERVER_PORT' => '80'
    'REMOTE_ADDR' => '::1'
    'DOCUMENT_ROOT' => 'C:/xampp/htdocs'
    'REQUEST_SCHEME' => 'http'
    'CONTEXT_PREFIX' => ''
    'CONTEXT_DOCUMENT_ROOT' => 'C:/xampp/htdocs'
    'SERVER_ADMIN' => 'postmaster@localhost'
    'SCRIPT_FILENAME' => 'C:/xampp/htdocs/tesbidang/web/index.php'
    'REMOTE_PORT' => '50386'
    'REDIRECT_URL' => '/tesbidang/web/jawaban'
    'GATEWAY_INTERFACE' => 'CGI/1.1'
    'SERVER_PROTOCOL' => 'HTTP/1.1'
    'REQUEST_METHOD' => 'POST'
    'QUERY_STRING' => ''
    'REQUEST_URI' => '/tesbidang/web/jawaban'
    'SCRIPT_NAME' => '/tesbidang/web/index.php'
    'PHP_SELF' => '/tesbidang/web/index.php'
    'REQUEST_TIME_FLOAT' => 1583742668.56
    'REQUEST_TIME' => 1583742668
]
2020-03-09 09:31:35 [::1][-][affkpe061onsepo15hkr2jh4ov][error][yii\web\HttpException:400] yii\web\BadRequestHttpException: Unable to verify your data submission. in C:\xampp\htdocs\tesbidang\vendor\yiisoft\yii2\web\Controller.php:187
Stack trace:
#0 C:\xampp\htdocs\tesbidang\vendor\yiisoft\yii2\base\Controller.php(155): yii\web\Controller->beforeAction(Object(yii\base\InlineAction))
#1 C:\xampp\htdocs\tesbidang\vendor\yiisoft\yii2\base\Module.php(528): yii\base\Controller->runAction('', Array)
#2 C:\xampp\htdocs\tesbidang\vendor\yiisoft\yii2\web\Application.php(103): yii\base\Module->runAction('jawaban', Array)
#3 C:\xampp\htdocs\tesbidang\vendor\yiisoft\yii2\base\Application.php(386): yii\web\Application->handleRequest(Object(yii\web\Request))
#4 C:\xampp\htdocs\tesbidang\web\index.php(12): yii\base\Application->run()
#5 {main}
2020-03-09 09:31:35 [::1][-][affkpe061onsepo15hkr2jh4ov][info][application] $_GET = []

$_POST = [
    'tester' => 'aaa, vvv, ccc'
]

$_FILES = []

$_COOKIE = [
    'PHPSESSID' => 'affkpe061onsepo15hkr2jh4ov'
    '_csrf' => '78f9f7a3887d026356b8ebab254f2e98711f8d2d3421c4a5df0369098fa6fb89a:2:{i:0;s:5:\"_csrf\";i:1;s:32:\"ksccl1EeiMesR62DfXk7EEQsq7VeVZM-\";}'
]

$_SESSION = [
    '__flash' => []
]

$_SERVER = [
    'REDIRECT_MIBDIRS' => 'C:/xampp/php/extras/mibs'
    'REDIRECT_MYSQL_HOME' => '\\xampp\\mysql\\bin'
    'REDIRECT_OPENSSL_CONF' => 'C:/xampp/apache/bin/openssl.cnf'
    'REDIRECT_PHP_PEAR_SYSCONF_DIR' => '\\xampp\\php'
    'REDIRECT_PHPRC' => '\\xampp\\php'
    'REDIRECT_TMP' => '\\xampp\\tmp'
    'REDIRECT_STATUS' => '200'
    'MIBDIRS' => 'C:/xampp/php/extras/mibs'
    'MYSQL_HOME' => '\\xampp\\mysql\\bin'
    'OPENSSL_CONF' => 'C:/xampp/apache/bin/openssl.cnf'
    'PHP_PEAR_SYSCONF_DIR' => '\\xampp\\php'
    'PHPRC' => '\\xampp\\php'
    'TMP' => '\\xampp\\tmp'
    'HTTP_HOST' => 'localhost'
    'HTTP_CONNECTION' => 'keep-alive'
    'CONTENT_LENGTH' => '24'
    'HTTP_CACHE_CONTROL' => 'max-age=0'
    'HTTP_UPGRADE_INSECURE_REQUESTS' => '1'
    'HTTP_USER_AGENT' => 'Mozilla/5.0 (Windows NT 10.0; Win64; x64) AppleWebKit/537.36 (KHTML, like Gecko) Chrome/80.0.3987.132 Safari/537.36'
    'HTTP_SEC_FETCH_DEST' => 'document'
    'HTTP_ORIGIN' => 'http://localhost'
    'CONTENT_TYPE' => 'application/x-www-form-urlencoded'
    'HTTP_ACCEPT' => 'text/html,application/xhtml+xml,application/xml;q=0.9,image/webp,image/apng,*/*;q=0.8,application/signed-exchange;v=b3;q=0.9'
    'HTTP_SEC_FETCH_SITE' => 'same-origin'
    'HTTP_SEC_FETCH_MODE' => 'navigate'
    'HTTP_SEC_FETCH_USER' => '?1'
    'HTTP_REFERER' => 'http://localhost/tesbidang/web/jawaban'
    'HTTP_ACCEPT_ENCODING' => 'gzip, deflate, br'
    'HTTP_ACCEPT_LANGUAGE' => 'en-US,en;q=0.9'
    'HTTP_COOKIE' => 'PHPSESSID=affkpe061onsepo15hkr2jh4ov; _csrf=78f9f7a3887d026356b8ebab254f2e98711f8d2d3421c4a5df0369098fa6fb89a%3A2%3A%7Bi%3A0%3Bs%3A5%3A%22_csrf%22%3Bi%3A1%3Bs%3A32%3A%22ksccl1EeiMesR62DfXk7EEQsq7VeVZM-%22%3B%7D'
    'PATH' => 'C:\\oracle\\instantclient_12_2;C:\\Program Files (x86)\\Common Files\\Oracle\\Java\\javapath;C:\\Python27\\;C:\\Python27\\Scripts;C:\\Windows\\system32;C:\\Windows;C:\\Windows\\System32\\Wbem;C:\\Windows\\System32\\WindowsPowerShell\\v1.0\\;C:\\Windows\\System32\\OpenSSH\\;C:\\Program Files\\Git\\cmd;C:\\Program Files\\nodejs\\;C:\\ProgramData\\chocolatey\\bin;C:\\Program Files\\Docker\\Docker\\resources\\bin;C:\\ProgramData\\DockerDesktop\\version-bin;C:\\oracle\\instantclient_12_2;C:\\Users\\Admin\\AppData\\Local\\Microsoft\\WindowsApps;C:\\Users\\Admin\\AppData\\Local\\GitHubDesktop\\bin;C:\\Users\\Admin\\AppData\\Local\\Programs\\Microsoft VS Code\\bin;C:\\Users\\Admin\\AppData\\Roaming\\npm;C:\\Program Files\\heroku\\bin;C:\\Program Files\\Docker Toolbox;'
    'SystemRoot' => 'C:\\Windows'
    'COMSPEC' => 'C:\\Windows\\system32\\cmd.exe'
    'PATHEXT' => '.COM;.EXE;.BAT;.CMD;.VBS;.VBE;.JS;.JSE;.WSF;.WSH;.MSC'
    'WINDIR' => 'C:\\Windows'
    'SERVER_SIGNATURE' => '<address>Apache/2.4.41 (Win64) OpenSSL/1.1.1c PHP/7.2.26 Server at localhost Port 80</address>
'
    'SERVER_SOFTWARE' => 'Apache/2.4.41 (Win64) OpenSSL/1.1.1c PHP/7.2.26'
    'SERVER_NAME' => 'localhost'
    'SERVER_ADDR' => '::1'
    'SERVER_PORT' => '80'
    'REMOTE_ADDR' => '::1'
    'DOCUMENT_ROOT' => 'C:/xampp/htdocs'
    'REQUEST_SCHEME' => 'http'
    'CONTEXT_PREFIX' => ''
    'CONTEXT_DOCUMENT_ROOT' => 'C:/xampp/htdocs'
    'SERVER_ADMIN' => 'postmaster@localhost'
    'SCRIPT_FILENAME' => 'C:/xampp/htdocs/tesbidang/web/index.php'
    'REMOTE_PORT' => '50402'
    'REDIRECT_URL' => '/tesbidang/web/jawaban'
    'GATEWAY_INTERFACE' => 'CGI/1.1'
    'SERVER_PROTOCOL' => 'HTTP/1.1'
    'REQUEST_METHOD' => 'POST'
    'QUERY_STRING' => ''
    'REQUEST_URI' => '/tesbidang/web/jawaban'
    'SCRIPT_NAME' => '/tesbidang/web/index.php'
    'PHP_SELF' => '/tesbidang/web/index.php'
    'REQUEST_TIME_FLOAT' => 1583742695.432
    'REQUEST_TIME' => 1583742695
]
2020-03-09 09:37:58 [::1][-][affkpe061onsepo15hkr2jh4ov][error][ParseError] ParseError: syntax error, unexpected ';', expecting ',' or ')' in C:\xampp\htdocs\tesbidang\controllers\JawabanController.php:20
Stack trace:
#0 [internal function]: yii\BaseYii::autoload('app\\controllers...')
#1 [internal function]: spl_autoload_call('app\\controllers...')
#2 C:\xampp\htdocs\tesbidang\vendor\yiisoft\yii2\base\Module.php(637): class_exists('app\\controllers...')
#3 C:\xampp\htdocs\tesbidang\vendor\yiisoft\yii2\base\Module.php(596): yii\base\Module->createControllerByID('jawaban')
#4 C:\xampp\htdocs\tesbidang\vendor\yiisoft\yii2\base\Module.php(522): yii\base\Module->createController('')
#5 C:\xampp\htdocs\tesbidang\vendor\yiisoft\yii2\web\Application.php(103): yii\base\Module->runAction('jawaban', Array)
#6 C:\xampp\htdocs\tesbidang\vendor\yiisoft\yii2\base\Application.php(386): yii\web\Application->handleRequest(Object(yii\web\Request))
#7 C:\xampp\htdocs\tesbidang\web\index.php(12): yii\base\Application->run()
#8 {main}
2020-03-09 09:37:58 [::1][-][affkpe061onsepo15hkr2jh4ov][info][application] $_GET = []

$_POST = [
    'tester' => 'aaa, vvv, ccc'
    '_csrf' => 'vjdU-FUrJlKWi-1fQVeYYvGMKoexA_P6MdXn1D8FuFnVRDebORpjN__GiCwTYaoml9RBsPRGoolA4rGxaV_1dA=='
]

$_FILES = []

$_COOKIE = [
    'PHPSESSID' => 'affkpe061onsepo15hkr2jh4ov'
    '_csrf' => '78f9f7a3887d026356b8ebab254f2e98711f8d2d3421c4a5df0369098fa6fb89a:2:{i:0;s:5:\"_csrf\";i:1;s:32:\"ksccl1EeiMesR62DfXk7EEQsq7VeVZM-\";}'
]

$_SESSION = [
    '__flash' => []
]

$_SERVER = [
    'REDIRECT_MIBDIRS' => 'C:/xampp/php/extras/mibs'
    'REDIRECT_MYSQL_HOME' => '\\xampp\\mysql\\bin'
    'REDIRECT_OPENSSL_CONF' => 'C:/xampp/apache/bin/openssl.cnf'
    'REDIRECT_PHP_PEAR_SYSCONF_DIR' => '\\xampp\\php'
    'REDIRECT_PHPRC' => '\\xampp\\php'
    'REDIRECT_TMP' => '\\xampp\\tmp'
    'REDIRECT_STATUS' => '200'
    'MIBDIRS' => 'C:/xampp/php/extras/mibs'
    'MYSQL_HOME' => '\\xampp\\mysql\\bin'
    'OPENSSL_CONF' => 'C:/xampp/apache/bin/openssl.cnf'
    'PHP_PEAR_SYSCONF_DIR' => '\\xampp\\php'
    'PHPRC' => '\\xampp\\php'
    'TMP' => '\\xampp\\tmp'
    'HTTP_HOST' => 'localhost'
    'HTTP_CONNECTION' => 'keep-alive'
    'CONTENT_LENGTH' => '123'
    'HTTP_CACHE_CONTROL' => 'max-age=0'
    'HTTP_UPGRADE_INSECURE_REQUESTS' => '1'
    'HTTP_USER_AGENT' => 'Mozilla/5.0 (Windows NT 10.0; Win64; x64) AppleWebKit/537.36 (KHTML, like Gecko) Chrome/80.0.3987.132 Safari/537.36'
    'HTTP_SEC_FETCH_DEST' => 'document'
    'HTTP_ORIGIN' => 'http://localhost'
    'CONTENT_TYPE' => 'application/x-www-form-urlencoded'
    'HTTP_ACCEPT' => 'text/html,application/xhtml+xml,application/xml;q=0.9,image/webp,image/apng,*/*;q=0.8,application/signed-exchange;v=b3;q=0.9'
    'HTTP_SEC_FETCH_SITE' => 'same-origin'
    'HTTP_SEC_FETCH_MODE' => 'navigate'
    'HTTP_SEC_FETCH_USER' => '?1'
    'HTTP_REFERER' => 'http://localhost/tesbidang/web/jawaban'
    'HTTP_ACCEPT_ENCODING' => 'gzip, deflate, br'
    'HTTP_ACCEPT_LANGUAGE' => 'en-US,en;q=0.9'
    'HTTP_COOKIE' => 'PHPSESSID=affkpe061onsepo15hkr2jh4ov; _csrf=78f9f7a3887d026356b8ebab254f2e98711f8d2d3421c4a5df0369098fa6fb89a%3A2%3A%7Bi%3A0%3Bs%3A5%3A%22_csrf%22%3Bi%3A1%3Bs%3A32%3A%22ksccl1EeiMesR62DfXk7EEQsq7VeVZM-%22%3B%7D'
    'PATH' => 'C:\\oracle\\instantclient_12_2;C:\\Program Files (x86)\\Common Files\\Oracle\\Java\\javapath;C:\\Python27\\;C:\\Python27\\Scripts;C:\\Windows\\system32;C:\\Windows;C:\\Windows\\System32\\Wbem;C:\\Windows\\System32\\WindowsPowerShell\\v1.0\\;C:\\Windows\\System32\\OpenSSH\\;C:\\Program Files\\Git\\cmd;C:\\Program Files\\nodejs\\;C:\\ProgramData\\chocolatey\\bin;C:\\Program Files\\Docker\\Docker\\resources\\bin;C:\\ProgramData\\DockerDesktop\\version-bin;C:\\oracle\\instantclient_12_2;C:\\Users\\Admin\\AppData\\Local\\Microsoft\\WindowsApps;C:\\Users\\Admin\\AppData\\Local\\GitHubDesktop\\bin;C:\\Users\\Admin\\AppData\\Local\\Programs\\Microsoft VS Code\\bin;C:\\Users\\Admin\\AppData\\Roaming\\npm;C:\\Program Files\\heroku\\bin;C:\\Program Files\\Docker Toolbox;'
    'SystemRoot' => 'C:\\Windows'
    'COMSPEC' => 'C:\\Windows\\system32\\cmd.exe'
    'PATHEXT' => '.COM;.EXE;.BAT;.CMD;.VBS;.VBE;.JS;.JSE;.WSF;.WSH;.MSC'
    'WINDIR' => 'C:\\Windows'
    'SERVER_SIGNATURE' => '<address>Apache/2.4.41 (Win64) OpenSSL/1.1.1c PHP/7.2.26 Server at localhost Port 80</address>
'
    'SERVER_SOFTWARE' => 'Apache/2.4.41 (Win64) OpenSSL/1.1.1c PHP/7.2.26'
    'SERVER_NAME' => 'localhost'
    'SERVER_ADDR' => '::1'
    'SERVER_PORT' => '80'
    'REMOTE_ADDR' => '::1'
    'DOCUMENT_ROOT' => 'C:/xampp/htdocs'
    'REQUEST_SCHEME' => 'http'
    'CONTEXT_PREFIX' => ''
    'CONTEXT_DOCUMENT_ROOT' => 'C:/xampp/htdocs'
    'SERVER_ADMIN' => 'postmaster@localhost'
    'SCRIPT_FILENAME' => 'C:/xampp/htdocs/tesbidang/web/index.php'
    'REMOTE_PORT' => '50447'
    'REDIRECT_URL' => '/tesbidang/web/jawaban'
    'GATEWAY_INTERFACE' => 'CGI/1.1'
    'SERVER_PROTOCOL' => 'HTTP/1.1'
    'REQUEST_METHOD' => 'POST'
    'QUERY_STRING' => ''
    'REQUEST_URI' => '/tesbidang/web/jawaban'
    'SCRIPT_NAME' => '/tesbidang/web/index.php'
    'PHP_SELF' => '/tesbidang/web/index.php'
    'REQUEST_TIME_FLOAT' => 1583743078.059
    'REQUEST_TIME' => 1583743078
]
2020-03-09 09:38:23 [::1][-][affkpe061onsepo15hkr2jh4ov][error][ParseError] ParseError: syntax error, unexpected ';', expecting ',' or ')' in C:\xampp\htdocs\tesbidang\controllers\JawabanController.php:20
Stack trace:
#0 [internal function]: yii\BaseYii::autoload('app\\controllers...')
#1 [internal function]: spl_autoload_call('app\\controllers...')
#2 C:\xampp\htdocs\tesbidang\vendor\yiisoft\yii2\base\Module.php(637): class_exists('app\\controllers...')
#3 C:\xampp\htdocs\tesbidang\vendor\yiisoft\yii2\base\Module.php(596): yii\base\Module->createControllerByID('jawaban')
#4 C:\xampp\htdocs\tesbidang\vendor\yiisoft\yii2\base\Module.php(522): yii\base\Module->createController('')
#5 C:\xampp\htdocs\tesbidang\vendor\yiisoft\yii2\web\Application.php(103): yii\base\Module->runAction('jawaban', Array)
#6 C:\xampp\htdocs\tesbidang\vendor\yiisoft\yii2\base\Application.php(386): yii\web\Application->handleRequest(Object(yii\web\Request))
#7 C:\xampp\htdocs\tesbidang\web\index.php(12): yii\base\Application->run()
#8 {main}
2020-03-09 09:38:23 [::1][-][affkpe061onsepo15hkr2jh4ov][info][application] $_GET = []

$_POST = [
    'tester' => 'aaa, vvv, ccc'
    '_csrf' => 'vjdU-FUrJlKWi-1fQVeYYvGMKoexA_P6MdXn1D8FuFnVRDebORpjN__GiCwTYaoml9RBsPRGoolA4rGxaV_1dA=='
]

$_FILES = []

$_COOKIE = [
    'PHPSESSID' => 'affkpe061onsepo15hkr2jh4ov'
    '_csrf' => '78f9f7a3887d026356b8ebab254f2e98711f8d2d3421c4a5df0369098fa6fb89a:2:{i:0;s:5:\"_csrf\";i:1;s:32:\"ksccl1EeiMesR62DfXk7EEQsq7VeVZM-\";}'
]

$_SESSION = [
    '__flash' => []
]

$_SERVER = [
    'REDIRECT_MIBDIRS' => 'C:/xampp/php/extras/mibs'
    'REDIRECT_MYSQL_HOME' => '\\xampp\\mysql\\bin'
    'REDIRECT_OPENSSL_CONF' => 'C:/xampp/apache/bin/openssl.cnf'
    'REDIRECT_PHP_PEAR_SYSCONF_DIR' => '\\xampp\\php'
    'REDIRECT_PHPRC' => '\\xampp\\php'
    'REDIRECT_TMP' => '\\xampp\\tmp'
    'REDIRECT_STATUS' => '200'
    'MIBDIRS' => 'C:/xampp/php/extras/mibs'
    'MYSQL_HOME' => '\\xampp\\mysql\\bin'
    'OPENSSL_CONF' => 'C:/xampp/apache/bin/openssl.cnf'
    'PHP_PEAR_SYSCONF_DIR' => '\\xampp\\php'
    'PHPRC' => '\\xampp\\php'
    'TMP' => '\\xampp\\tmp'
    'HTTP_HOST' => 'localhost'
    'HTTP_CONNECTION' => 'keep-alive'
    'CONTENT_LENGTH' => '123'
    'HTTP_CACHE_CONTROL' => 'max-age=0'
    'HTTP_UPGRADE_INSECURE_REQUESTS' => '1'
    'HTTP_USER_AGENT' => 'Mozilla/5.0 (Windows NT 10.0; Win64; x64) AppleWebKit/537.36 (KHTML, like Gecko) Chrome/80.0.3987.132 Safari/537.36'
    'HTTP_SEC_FETCH_DEST' => 'document'
    'HTTP_ORIGIN' => 'http://localhost'
    'CONTENT_TYPE' => 'application/x-www-form-urlencoded'
    'HTTP_ACCEPT' => 'text/html,application/xhtml+xml,application/xml;q=0.9,image/webp,image/apng,*/*;q=0.8,application/signed-exchange;v=b3;q=0.9'
    'HTTP_SEC_FETCH_SITE' => 'same-origin'
    'HTTP_SEC_FETCH_MODE' => 'navigate'
    'HTTP_SEC_FETCH_USER' => '?1'
    'HTTP_REFERER' => 'http://localhost/tesbidang/web/jawaban'
    'HTTP_ACCEPT_ENCODING' => 'gzip, deflate, br'
    'HTTP_ACCEPT_LANGUAGE' => 'en-US,en;q=0.9'
    'HTTP_COOKIE' => 'PHPSESSID=affkpe061onsepo15hkr2jh4ov; _csrf=78f9f7a3887d026356b8ebab254f2e98711f8d2d3421c4a5df0369098fa6fb89a%3A2%3A%7Bi%3A0%3Bs%3A5%3A%22_csrf%22%3Bi%3A1%3Bs%3A32%3A%22ksccl1EeiMesR62DfXk7EEQsq7VeVZM-%22%3B%7D'
    'PATH' => 'C:\\oracle\\instantclient_12_2;C:\\Program Files (x86)\\Common Files\\Oracle\\Java\\javapath;C:\\Python27\\;C:\\Python27\\Scripts;C:\\Windows\\system32;C:\\Windows;C:\\Windows\\System32\\Wbem;C:\\Windows\\System32\\WindowsPowerShell\\v1.0\\;C:\\Windows\\System32\\OpenSSH\\;C:\\Program Files\\Git\\cmd;C:\\Program Files\\nodejs\\;C:\\ProgramData\\chocolatey\\bin;C:\\Program Files\\Docker\\Docker\\resources\\bin;C:\\ProgramData\\DockerDesktop\\version-bin;C:\\oracle\\instantclient_12_2;C:\\Users\\Admin\\AppData\\Local\\Microsoft\\WindowsApps;C:\\Users\\Admin\\AppData\\Local\\GitHubDesktop\\bin;C:\\Users\\Admin\\AppData\\Local\\Programs\\Microsoft VS Code\\bin;C:\\Users\\Admin\\AppData\\Roaming\\npm;C:\\Program Files\\heroku\\bin;C:\\Program Files\\Docker Toolbox;'
    'SystemRoot' => 'C:\\Windows'
    'COMSPEC' => 'C:\\Windows\\system32\\cmd.exe'
    'PATHEXT' => '.COM;.EXE;.BAT;.CMD;.VBS;.VBE;.JS;.JSE;.WSF;.WSH;.MSC'
    'WINDIR' => 'C:\\Windows'
    'SERVER_SIGNATURE' => '<address>Apache/2.4.41 (Win64) OpenSSL/1.1.1c PHP/7.2.26 Server at localhost Port 80</address>
'
    'SERVER_SOFTWARE' => 'Apache/2.4.41 (Win64) OpenSSL/1.1.1c PHP/7.2.26'
    'SERVER_NAME' => 'localhost'
    'SERVER_ADDR' => '::1'
    'SERVER_PORT' => '80'
    'REMOTE_ADDR' => '::1'
    'DOCUMENT_ROOT' => 'C:/xampp/htdocs'
    'REQUEST_SCHEME' => 'http'
    'CONTEXT_PREFIX' => ''
    'CONTEXT_DOCUMENT_ROOT' => 'C:/xampp/htdocs'
    'SERVER_ADMIN' => 'postmaster@localhost'
    'SCRIPT_FILENAME' => 'C:/xampp/htdocs/tesbidang/web/index.php'
    'REMOTE_PORT' => '50451'
    'REDIRECT_URL' => '/tesbidang/web/jawaban'
    'GATEWAY_INTERFACE' => 'CGI/1.1'
    'SERVER_PROTOCOL' => 'HTTP/1.1'
    'REQUEST_METHOD' => 'POST'
    'QUERY_STRING' => ''
    'REQUEST_URI' => '/tesbidang/web/jawaban'
    'SCRIPT_NAME' => '/tesbidang/web/index.php'
    'PHP_SELF' => '/tesbidang/web/index.php'
    'REQUEST_TIME_FLOAT' => 1583743103.21
    'REQUEST_TIME' => 1583743103
]
2020-03-09 09:38:29 [::1][-][affkpe061onsepo15hkr2jh4ov][error][ParseError] ParseError: syntax error, unexpected '}' in C:\xampp\htdocs\tesbidang\controllers\JawabanController.php:24
Stack trace:
#0 [internal function]: yii\BaseYii::autoload('app\\controllers...')
#1 [internal function]: spl_autoload_call('app\\controllers...')
#2 C:\xampp\htdocs\tesbidang\vendor\yiisoft\yii2\base\Module.php(637): class_exists('app\\controllers...')
#3 C:\xampp\htdocs\tesbidang\vendor\yiisoft\yii2\base\Module.php(596): yii\base\Module->createControllerByID('jawaban')
#4 C:\xampp\htdocs\tesbidang\vendor\yiisoft\yii2\base\Module.php(522): yii\base\Module->createController('')
#5 C:\xampp\htdocs\tesbidang\vendor\yiisoft\yii2\web\Application.php(103): yii\base\Module->runAction('jawaban', Array)
#6 C:\xampp\htdocs\tesbidang\vendor\yiisoft\yii2\base\Application.php(386): yii\web\Application->handleRequest(Object(yii\web\Request))
#7 C:\xampp\htdocs\tesbidang\web\index.php(12): yii\base\Application->run()
#8 {main}
2020-03-09 09:38:29 [::1][-][affkpe061onsepo15hkr2jh4ov][info][application] $_GET = []

$_POST = [
    'tester' => 'aaa, vvv, ccc'
    '_csrf' => 'vjdU-FUrJlKWi-1fQVeYYvGMKoexA_P6MdXn1D8FuFnVRDebORpjN__GiCwTYaoml9RBsPRGoolA4rGxaV_1dA=='
]

$_FILES = []

$_COOKIE = [
    'PHPSESSID' => 'affkpe061onsepo15hkr2jh4ov'
    '_csrf' => '78f9f7a3887d026356b8ebab254f2e98711f8d2d3421c4a5df0369098fa6fb89a:2:{i:0;s:5:\"_csrf\";i:1;s:32:\"ksccl1EeiMesR62DfXk7EEQsq7VeVZM-\";}'
]

$_SESSION = [
    '__flash' => []
]

$_SERVER = [
    'REDIRECT_MIBDIRS' => 'C:/xampp/php/extras/mibs'
    'REDIRECT_MYSQL_HOME' => '\\xampp\\mysql\\bin'
    'REDIRECT_OPENSSL_CONF' => 'C:/xampp/apache/bin/openssl.cnf'
    'REDIRECT_PHP_PEAR_SYSCONF_DIR' => '\\xampp\\php'
    'REDIRECT_PHPRC' => '\\xampp\\php'
    'REDIRECT_TMP' => '\\xampp\\tmp'
    'REDIRECT_STATUS' => '200'
    'MIBDIRS' => 'C:/xampp/php/extras/mibs'
    'MYSQL_HOME' => '\\xampp\\mysql\\bin'
    'OPENSSL_CONF' => 'C:/xampp/apache/bin/openssl.cnf'
    'PHP_PEAR_SYSCONF_DIR' => '\\xampp\\php'
    'PHPRC' => '\\xampp\\php'
    'TMP' => '\\xampp\\tmp'
    'HTTP_HOST' => 'localhost'
    'HTTP_CONNECTION' => 'keep-alive'
    'CONTENT_LENGTH' => '123'
    'HTTP_CACHE_CONTROL' => 'max-age=0'
    'HTTP_UPGRADE_INSECURE_REQUESTS' => '1'
    'HTTP_USER_AGENT' => 'Mozilla/5.0 (Windows NT 10.0; Win64; x64) AppleWebKit/537.36 (KHTML, like Gecko) Chrome/80.0.3987.132 Safari/537.36'
    'HTTP_SEC_FETCH_DEST' => 'document'
    'HTTP_ORIGIN' => 'http://localhost'
    'CONTENT_TYPE' => 'application/x-www-form-urlencoded'
    'HTTP_ACCEPT' => 'text/html,application/xhtml+xml,application/xml;q=0.9,image/webp,image/apng,*/*;q=0.8,application/signed-exchange;v=b3;q=0.9'
    'HTTP_SEC_FETCH_SITE' => 'same-origin'
    'HTTP_SEC_FETCH_MODE' => 'navigate'
    'HTTP_SEC_FETCH_USER' => '?1'
    'HTTP_REFERER' => 'http://localhost/tesbidang/web/jawaban'
    'HTTP_ACCEPT_ENCODING' => 'gzip, deflate, br'
    'HTTP_ACCEPT_LANGUAGE' => 'en-US,en;q=0.9'
    'HTTP_COOKIE' => 'PHPSESSID=affkpe061onsepo15hkr2jh4ov; _csrf=78f9f7a3887d026356b8ebab254f2e98711f8d2d3421c4a5df0369098fa6fb89a%3A2%3A%7Bi%3A0%3Bs%3A5%3A%22_csrf%22%3Bi%3A1%3Bs%3A32%3A%22ksccl1EeiMesR62DfXk7EEQsq7VeVZM-%22%3B%7D'
    'PATH' => 'C:\\oracle\\instantclient_12_2;C:\\Program Files (x86)\\Common Files\\Oracle\\Java\\javapath;C:\\Python27\\;C:\\Python27\\Scripts;C:\\Windows\\system32;C:\\Windows;C:\\Windows\\System32\\Wbem;C:\\Windows\\System32\\WindowsPowerShell\\v1.0\\;C:\\Windows\\System32\\OpenSSH\\;C:\\Program Files\\Git\\cmd;C:\\Program Files\\nodejs\\;C:\\ProgramData\\chocolatey\\bin;C:\\Program Files\\Docker\\Docker\\resources\\bin;C:\\ProgramData\\DockerDesktop\\version-bin;C:\\oracle\\instantclient_12_2;C:\\Users\\Admin\\AppData\\Local\\Microsoft\\WindowsApps;C:\\Users\\Admin\\AppData\\Local\\GitHubDesktop\\bin;C:\\Users\\Admin\\AppData\\Local\\Programs\\Microsoft VS Code\\bin;C:\\Users\\Admin\\AppData\\Roaming\\npm;C:\\Program Files\\heroku\\bin;C:\\Program Files\\Docker Toolbox;'
    'SystemRoot' => 'C:\\Windows'
    'COMSPEC' => 'C:\\Windows\\system32\\cmd.exe'
    'PATHEXT' => '.COM;.EXE;.BAT;.CMD;.VBS;.VBE;.JS;.JSE;.WSF;.WSH;.MSC'
    'WINDIR' => 'C:\\Windows'
    'SERVER_SIGNATURE' => '<address>Apache/2.4.41 (Win64) OpenSSL/1.1.1c PHP/7.2.26 Server at localhost Port 80</address>
'
    'SERVER_SOFTWARE' => 'Apache/2.4.41 (Win64) OpenSSL/1.1.1c PHP/7.2.26'
    'SERVER_NAME' => 'localhost'
    'SERVER_ADDR' => '::1'
    'SERVER_PORT' => '80'
    'REMOTE_ADDR' => '::1'
    'DOCUMENT_ROOT' => 'C:/xampp/htdocs'
    'REQUEST_SCHEME' => 'http'
    'CONTEXT_PREFIX' => ''
    'CONTEXT_DOCUMENT_ROOT' => 'C:/xampp/htdocs'
    'SERVER_ADMIN' => 'postmaster@localhost'
    'SCRIPT_FILENAME' => 'C:/xampp/htdocs/tesbidang/web/index.php'
    'REMOTE_PORT' => '50453'
    'REDIRECT_URL' => '/tesbidang/web/jawaban'
    'GATEWAY_INTERFACE' => 'CGI/1.1'
    'SERVER_PROTOCOL' => 'HTTP/1.1'
    'REQUEST_METHOD' => 'POST'
    'QUERY_STRING' => ''
    'REQUEST_URI' => '/tesbidang/web/jawaban'
    'SCRIPT_NAME' => '/tesbidang/web/index.php'
    'PHP_SELF' => '/tesbidang/web/index.php'
    'REQUEST_TIME_FLOAT' => 1583743109.532
    'REQUEST_TIME' => 1583743109
]
2020-03-09 09:38:36 [::1][-][affkpe061onsepo15hkr2jh4ov][error][yii\base\UnknownPropertyException] yii\base\UnknownPropertyException: Getting unknown property: yii\web\View::result in C:\xampp\htdocs\tesbidang\vendor\yiisoft\yii2\base\Component.php:154
Stack trace:
#0 C:\xampp\htdocs\tesbidang\views\jawaban\index.php(13): yii\base\Component->__get('result')
#1 C:\xampp\htdocs\tesbidang\vendor\yiisoft\yii2\base\View.php(348): require('C:\\xampp\\htdocs...')
#2 C:\xampp\htdocs\tesbidang\vendor\yiisoft\yii2\base\View.php(257): yii\base\View->renderPhpFile('C:\\xampp\\htdocs...', Array)
#3 C:\xampp\htdocs\tesbidang\vendor\yiisoft\yii2\base\View.php(156): yii\base\View->renderFile('C:\\xampp\\htdocs...', Array, Object(app\controllers\JawabanController))
#4 C:\xampp\htdocs\tesbidang\vendor\yiisoft\yii2\base\Controller.php(386): yii\base\View->render('index', Array, Object(app\controllers\JawabanController))
#5 C:\xampp\htdocs\tesbidang\controllers\JawabanController.php(20): yii\base\Controller->render('index', Array)
#6 [internal function]: app\controllers\JawabanController->actionIndex()
#7 C:\xampp\htdocs\tesbidang\vendor\yiisoft\yii2\base\InlineAction.php(57): call_user_func_array(Array, Array)
#8 C:\xampp\htdocs\tesbidang\vendor\yiisoft\yii2\base\Controller.php(157): yii\base\InlineAction->runWithParams(Array)
#9 C:\xampp\htdocs\tesbidang\vendor\yiisoft\yii2\base\Module.php(528): yii\base\Controller->runAction('', Array)
#10 C:\xampp\htdocs\tesbidang\vendor\yiisoft\yii2\web\Application.php(103): yii\base\Module->runAction('jawaban', Array)
#11 C:\xampp\htdocs\tesbidang\vendor\yiisoft\yii2\base\Application.php(386): yii\web\Application->handleRequest(Object(yii\web\Request))
#12 C:\xampp\htdocs\tesbidang\web\index.php(12): yii\base\Application->run()
#13 {main}
2020-03-09 09:38:36 [::1][-][affkpe061onsepo15hkr2jh4ov][info][application] $_GET = []

$_POST = [
    'tester' => 'aaa, vvv, ccc'
    '_csrf' => 'vjdU-FUrJlKWi-1fQVeYYvGMKoexA_P6MdXn1D8FuFnVRDebORpjN__GiCwTYaoml9RBsPRGoolA4rGxaV_1dA=='
]

$_FILES = []

$_COOKIE = [
    'PHPSESSID' => 'affkpe061onsepo15hkr2jh4ov'
    '_csrf' => '78f9f7a3887d026356b8ebab254f2e98711f8d2d3421c4a5df0369098fa6fb89a:2:{i:0;s:5:\"_csrf\";i:1;s:32:\"ksccl1EeiMesR62DfXk7EEQsq7VeVZM-\";}'
]

$_SESSION = [
    '__flash' => []
]

$_SERVER = [
    'REDIRECT_MIBDIRS' => 'C:/xampp/php/extras/mibs'
    'REDIRECT_MYSQL_HOME' => '\\xampp\\mysql\\bin'
    'REDIRECT_OPENSSL_CONF' => 'C:/xampp/apache/bin/openssl.cnf'
    'REDIRECT_PHP_PEAR_SYSCONF_DIR' => '\\xampp\\php'
    'REDIRECT_PHPRC' => '\\xampp\\php'
    'REDIRECT_TMP' => '\\xampp\\tmp'
    'REDIRECT_STATUS' => '200'
    'MIBDIRS' => 'C:/xampp/php/extras/mibs'
    'MYSQL_HOME' => '\\xampp\\mysql\\bin'
    'OPENSSL_CONF' => 'C:/xampp/apache/bin/openssl.cnf'
    'PHP_PEAR_SYSCONF_DIR' => '\\xampp\\php'
    'PHPRC' => '\\xampp\\php'
    'TMP' => '\\xampp\\tmp'
    'HTTP_HOST' => 'localhost'
    'HTTP_CONNECTION' => 'keep-alive'
    'CONTENT_LENGTH' => '123'
    'HTTP_CACHE_CONTROL' => 'max-age=0'
    'HTTP_UPGRADE_INSECURE_REQUESTS' => '1'
    'HTTP_USER_AGENT' => 'Mozilla/5.0 (Windows NT 10.0; Win64; x64) AppleWebKit/537.36 (KHTML, like Gecko) Chrome/80.0.3987.132 Safari/537.36'
    'HTTP_SEC_FETCH_DEST' => 'document'
    'HTTP_ORIGIN' => 'http://localhost'
    'CONTENT_TYPE' => 'application/x-www-form-urlencoded'
    'HTTP_ACCEPT' => 'text/html,application/xhtml+xml,application/xml;q=0.9,image/webp,image/apng,*/*;q=0.8,application/signed-exchange;v=b3;q=0.9'
    'HTTP_SEC_FETCH_SITE' => 'same-origin'
    'HTTP_SEC_FETCH_MODE' => 'navigate'
    'HTTP_SEC_FETCH_USER' => '?1'
    'HTTP_REFERER' => 'http://localhost/tesbidang/web/jawaban'
    'HTTP_ACCEPT_ENCODING' => 'gzip, deflate, br'
    'HTTP_ACCEPT_LANGUAGE' => 'en-US,en;q=0.9'
    'HTTP_COOKIE' => 'PHPSESSID=affkpe061onsepo15hkr2jh4ov; _csrf=78f9f7a3887d026356b8ebab254f2e98711f8d2d3421c4a5df0369098fa6fb89a%3A2%3A%7Bi%3A0%3Bs%3A5%3A%22_csrf%22%3Bi%3A1%3Bs%3A32%3A%22ksccl1EeiMesR62DfXk7EEQsq7VeVZM-%22%3B%7D'
    'PATH' => 'C:\\oracle\\instantclient_12_2;C:\\Program Files (x86)\\Common Files\\Oracle\\Java\\javapath;C:\\Python27\\;C:\\Python27\\Scripts;C:\\Windows\\system32;C:\\Windows;C:\\Windows\\System32\\Wbem;C:\\Windows\\System32\\WindowsPowerShell\\v1.0\\;C:\\Windows\\System32\\OpenSSH\\;C:\\Program Files\\Git\\cmd;C:\\Program Files\\nodejs\\;C:\\ProgramData\\chocolatey\\bin;C:\\Program Files\\Docker\\Docker\\resources\\bin;C:\\ProgramData\\DockerDesktop\\version-bin;C:\\oracle\\instantclient_12_2;C:\\Users\\Admin\\AppData\\Local\\Microsoft\\WindowsApps;C:\\Users\\Admin\\AppData\\Local\\GitHubDesktop\\bin;C:\\Users\\Admin\\AppData\\Local\\Programs\\Microsoft VS Code\\bin;C:\\Users\\Admin\\AppData\\Roaming\\npm;C:\\Program Files\\heroku\\bin;C:\\Program Files\\Docker Toolbox;'
    'SystemRoot' => 'C:\\Windows'
    'COMSPEC' => 'C:\\Windows\\system32\\cmd.exe'
    'PATHEXT' => '.COM;.EXE;.BAT;.CMD;.VBS;.VBE;.JS;.JSE;.WSF;.WSH;.MSC'
    'WINDIR' => 'C:\\Windows'
    'SERVER_SIGNATURE' => '<address>Apache/2.4.41 (Win64) OpenSSL/1.1.1c PHP/7.2.26 Server at localhost Port 80</address>
'
    'SERVER_SOFTWARE' => 'Apache/2.4.41 (Win64) OpenSSL/1.1.1c PHP/7.2.26'
    'SERVER_NAME' => 'localhost'
    'SERVER_ADDR' => '::1'
    'SERVER_PORT' => '80'
    'REMOTE_ADDR' => '::1'
    'DOCUMENT_ROOT' => 'C:/xampp/htdocs'
    'REQUEST_SCHEME' => 'http'
    'CONTEXT_PREFIX' => ''
    'CONTEXT_DOCUMENT_ROOT' => 'C:/xampp/htdocs'
    'SERVER_ADMIN' => 'postmaster@localhost'
    'SCRIPT_FILENAME' => 'C:/xampp/htdocs/tesbidang/web/index.php'
    'REMOTE_PORT' => '50456'
    'REDIRECT_URL' => '/tesbidang/web/jawaban'
    'GATEWAY_INTERFACE' => 'CGI/1.1'
    'SERVER_PROTOCOL' => 'HTTP/1.1'
    'REQUEST_METHOD' => 'POST'
    'QUERY_STRING' => ''
    'REQUEST_URI' => '/tesbidang/web/jawaban'
    'SCRIPT_NAME' => '/tesbidang/web/index.php'
    'PHP_SELF' => '/tesbidang/web/index.php'
    'REQUEST_TIME_FLOAT' => 1583743116.548
    'REQUEST_TIME' => 1583743116
]
2020-03-09 09:39:23 [::1][-][affkpe061onsepo15hkr2jh4ov][error][yii\base\ErrorException:8] yii\base\ErrorException: Array to string conversion in C:\xampp\htdocs\tesbidang\views\jawaban\index.php:13
Stack trace:
#0 C:\xampp\htdocs\tesbidang\views\jawaban\index.php(13): yii\base\ErrorHandler->handleError(8, 'Array to string...', 'C:\\xampp\\htdocs...', 13, Array)
#1 C:\xampp\htdocs\tesbidang\vendor\yiisoft\yii2\base\View.php(348): require('C:\\xampp\\htdocs...')
#2 C:\xampp\htdocs\tesbidang\vendor\yiisoft\yii2\base\View.php(257): yii\base\View->renderPhpFile('C:\\xampp\\htdocs...', Array)
#3 C:\xampp\htdocs\tesbidang\vendor\yiisoft\yii2\base\View.php(156): yii\base\View->renderFile('C:\\xampp\\htdocs...', Array, Object(app\controllers\JawabanController))
#4 C:\xampp\htdocs\tesbidang\vendor\yiisoft\yii2\base\Controller.php(386): yii\base\View->render('index', Array, Object(app\controllers\JawabanController))
#5 C:\xampp\htdocs\tesbidang\controllers\JawabanController.php(20): yii\base\Controller->render('index', Array)
#6 [internal function]: app\controllers\JawabanController->actionIndex()
#7 C:\xampp\htdocs\tesbidang\vendor\yiisoft\yii2\base\InlineAction.php(57): call_user_func_array(Array, Array)
#8 C:\xampp\htdocs\tesbidang\vendor\yiisoft\yii2\base\Controller.php(157): yii\base\InlineAction->runWithParams(Array)
#9 C:\xampp\htdocs\tesbidang\vendor\yiisoft\yii2\base\Module.php(528): yii\base\Controller->runAction('', Array)
#10 C:\xampp\htdocs\tesbidang\vendor\yiisoft\yii2\web\Application.php(103): yii\base\Module->runAction('jawaban', Array)
#11 C:\xampp\htdocs\tesbidang\vendor\yiisoft\yii2\base\Application.php(386): yii\web\Application->handleRequest(Object(yii\web\Request))
#12 C:\xampp\htdocs\tesbidang\web\index.php(12): yii\base\Application->run()
#13 {main}
2020-03-09 09:39:23 [::1][-][affkpe061onsepo15hkr2jh4ov][info][application] $_GET = []

$_POST = [
    'tester' => 'aaa, vvv, ccc'
    '_csrf' => 'vjdU-FUrJlKWi-1fQVeYYvGMKoexA_P6MdXn1D8FuFnVRDebORpjN__GiCwTYaoml9RBsPRGoolA4rGxaV_1dA=='
]

$_FILES = []

$_COOKIE = [
    'PHPSESSID' => 'affkpe061onsepo15hkr2jh4ov'
    '_csrf' => '78f9f7a3887d026356b8ebab254f2e98711f8d2d3421c4a5df0369098fa6fb89a:2:{i:0;s:5:\"_csrf\";i:1;s:32:\"ksccl1EeiMesR62DfXk7EEQsq7VeVZM-\";}'
]

$_SESSION = [
    '__flash' => []
]

$_SERVER = [
    'REDIRECT_MIBDIRS' => 'C:/xampp/php/extras/mibs'
    'REDIRECT_MYSQL_HOME' => '\\xampp\\mysql\\bin'
    'REDIRECT_OPENSSL_CONF' => 'C:/xampp/apache/bin/openssl.cnf'
    'REDIRECT_PHP_PEAR_SYSCONF_DIR' => '\\xampp\\php'
    'REDIRECT_PHPRC' => '\\xampp\\php'
    'REDIRECT_TMP' => '\\xampp\\tmp'
    'REDIRECT_STATUS' => '200'
    'MIBDIRS' => 'C:/xampp/php/extras/mibs'
    'MYSQL_HOME' => '\\xampp\\mysql\\bin'
    'OPENSSL_CONF' => 'C:/xampp/apache/bin/openssl.cnf'
    'PHP_PEAR_SYSCONF_DIR' => '\\xampp\\php'
    'PHPRC' => '\\xampp\\php'
    'TMP' => '\\xampp\\tmp'
    'HTTP_HOST' => 'localhost'
    'HTTP_CONNECTION' => 'keep-alive'
    'CONTENT_LENGTH' => '123'
    'HTTP_CACHE_CONTROL' => 'max-age=0'
    'HTTP_UPGRADE_INSECURE_REQUESTS' => '1'
    'HTTP_USER_AGENT' => 'Mozilla/5.0 (Windows NT 10.0; Win64; x64) AppleWebKit/537.36 (KHTML, like Gecko) Chrome/80.0.3987.132 Safari/537.36'
    'HTTP_SEC_FETCH_DEST' => 'document'
    'HTTP_ORIGIN' => 'http://localhost'
    'CONTENT_TYPE' => 'application/x-www-form-urlencoded'
    'HTTP_ACCEPT' => 'text/html,application/xhtml+xml,application/xml;q=0.9,image/webp,image/apng,*/*;q=0.8,application/signed-exchange;v=b3;q=0.9'
    'HTTP_SEC_FETCH_SITE' => 'same-origin'
    'HTTP_SEC_FETCH_MODE' => 'navigate'
    'HTTP_SEC_FETCH_USER' => '?1'
    'HTTP_REFERER' => 'http://localhost/tesbidang/web/jawaban'
    'HTTP_ACCEPT_ENCODING' => 'gzip, deflate, br'
    'HTTP_ACCEPT_LANGUAGE' => 'en-US,en;q=0.9'
    'HTTP_COOKIE' => 'PHPSESSID=affkpe061onsepo15hkr2jh4ov; _csrf=78f9f7a3887d026356b8ebab254f2e98711f8d2d3421c4a5df0369098fa6fb89a%3A2%3A%7Bi%3A0%3Bs%3A5%3A%22_csrf%22%3Bi%3A1%3Bs%3A32%3A%22ksccl1EeiMesR62DfXk7EEQsq7VeVZM-%22%3B%7D'
    'PATH' => 'C:\\oracle\\instantclient_12_2;C:\\Program Files (x86)\\Common Files\\Oracle\\Java\\javapath;C:\\Python27\\;C:\\Python27\\Scripts;C:\\Windows\\system32;C:\\Windows;C:\\Windows\\System32\\Wbem;C:\\Windows\\System32\\WindowsPowerShell\\v1.0\\;C:\\Windows\\System32\\OpenSSH\\;C:\\Program Files\\Git\\cmd;C:\\Program Files\\nodejs\\;C:\\ProgramData\\chocolatey\\bin;C:\\Program Files\\Docker\\Docker\\resources\\bin;C:\\ProgramData\\DockerDesktop\\version-bin;C:\\oracle\\instantclient_12_2;C:\\Users\\Admin\\AppData\\Local\\Microsoft\\WindowsApps;C:\\Users\\Admin\\AppData\\Local\\GitHubDesktop\\bin;C:\\Users\\Admin\\AppData\\Local\\Programs\\Microsoft VS Code\\bin;C:\\Users\\Admin\\AppData\\Roaming\\npm;C:\\Program Files\\heroku\\bin;C:\\Program Files\\Docker Toolbox;'
    'SystemRoot' => 'C:\\Windows'
    'COMSPEC' => 'C:\\Windows\\system32\\cmd.exe'
    'PATHEXT' => '.COM;.EXE;.BAT;.CMD;.VBS;.VBE;.JS;.JSE;.WSF;.WSH;.MSC'
    'WINDIR' => 'C:\\Windows'
    'SERVER_SIGNATURE' => '<address>Apache/2.4.41 (Win64) OpenSSL/1.1.1c PHP/7.2.26 Server at localhost Port 80</address>
'
    'SERVER_SOFTWARE' => 'Apache/2.4.41 (Win64) OpenSSL/1.1.1c PHP/7.2.26'
    'SERVER_NAME' => 'localhost'
    'SERVER_ADDR' => '::1'
    'SERVER_PORT' => '80'
    'REMOTE_ADDR' => '::1'
    'DOCUMENT_ROOT' => 'C:/xampp/htdocs'
    'REQUEST_SCHEME' => 'http'
    'CONTEXT_PREFIX' => ''
    'CONTEXT_DOCUMENT_ROOT' => 'C:/xampp/htdocs'
    'SERVER_ADMIN' => 'postmaster@localhost'
    'SCRIPT_FILENAME' => 'C:/xampp/htdocs/tesbidang/web/index.php'
    'REMOTE_PORT' => '50469'
    'REDIRECT_URL' => '/tesbidang/web/jawaban'
    'GATEWAY_INTERFACE' => 'CGI/1.1'
    'SERVER_PROTOCOL' => 'HTTP/1.1'
    'REQUEST_METHOD' => 'POST'
    'QUERY_STRING' => ''
    'REQUEST_URI' => '/tesbidang/web/jawaban'
    'SCRIPT_NAME' => '/tesbidang/web/index.php'
    'PHP_SELF' => '/tesbidang/web/index.php'
    'REQUEST_TIME_FLOAT' => 1583743163.651
    'REQUEST_TIME' => 1583743163
]
2020-04-06 12:20:17 [::1][-][7gqn2gh5t1p54o8n9tjih27l51][error][yii\web\HttpException:404] yii\base\InvalidRouteException: Unable to resolve the request "jawaban". in C:\xampp\htdocs\tesbidang\vendor\yiisoft\yii2\base\Module.php:537
Stack trace:
#0 C:\xampp\htdocs\tesbidang\vendor\yiisoft\yii2\web\Application.php(103): yii\base\Module->runAction('jawaban', Array)
#1 C:\xampp\htdocs\tesbidang\vendor\yiisoft\yii2\base\Application.php(386): yii\web\Application->handleRequest(Object(yii\web\Request))
#2 C:\xampp\htdocs\tesbidang\web\index.php(12): yii\base\Application->run()
#3 {main}

Next yii\web\NotFoundHttpException: Page not found. in C:\xampp\htdocs\tesbidang\vendor\yiisoft\yii2\web\Application.php:115
Stack trace:
#0 C:\xampp\htdocs\tesbidang\vendor\yiisoft\yii2\base\Application.php(386): yii\web\Application->handleRequest(Object(yii\web\Request))
#1 C:\xampp\htdocs\tesbidang\web\index.php(12): yii\base\Application->run()
#2 {main}
2020-04-06 12:20:17 [::1][-][7gqn2gh5t1p54o8n9tjih27l51][info][application] $_GET = []

$_POST = []

$_FILES = []

$_COOKIE = [
    'PHPSESSID' => '7gqn2gh5t1p54o8n9tjih27l51'
    '_csrf' => '7f4890d907f0ecfbe1e6b855487bd769238d93cdf3aa8eda939e02892b10e9a5a:2:{i:0;s:5:\"_csrf\";i:1;s:32:\"U7LAF_uDceFDPhZjI0bEyPS-JPacqYf_\";}'
]

$_SESSION = [
    '__flash' => []
]

$_SERVER = [
    'REDIRECT_MIBDIRS' => 'C:/xampp/php/extras/mibs'
    'REDIRECT_MYSQL_HOME' => '\\xampp\\mysql\\bin'
    'REDIRECT_OPENSSL_CONF' => 'C:/xampp/apache/bin/openssl.cnf'
    'REDIRECT_PHP_PEAR_SYSCONF_DIR' => '\\xampp\\php'
    'REDIRECT_PHPRC' => '\\xampp\\php'
    'REDIRECT_TMP' => '\\xampp\\tmp'
    'REDIRECT_STATUS' => '200'
    'MIBDIRS' => 'C:/xampp/php/extras/mibs'
    'MYSQL_HOME' => '\\xampp\\mysql\\bin'
    'OPENSSL_CONF' => 'C:/xampp/apache/bin/openssl.cnf'
    'PHP_PEAR_SYSCONF_DIR' => '\\xampp\\php'
    'PHPRC' => '\\xampp\\php'
    'TMP' => '\\xampp\\tmp'
    'HTTP_HOST' => 'localhost'
    'HTTP_CONNECTION' => 'keep-alive'
    'HTTP_UPGRADE_INSECURE_REQUESTS' => '1'
    'HTTP_USER_AGENT' => 'Mozilla/5.0 (Windows NT 10.0; Win64; x64) AppleWebKit/537.36 (KHTML, like Gecko) Chrome/80.0.3987.149 Safari/537.36'
    'HTTP_SEC_FETCH_DEST' => 'document'
    'HTTP_ACCEPT' => 'text/html,application/xhtml+xml,application/xml;q=0.9,image/webp,image/apng,*/*;q=0.8,application/signed-exchange;v=b3;q=0.9'
    'HTTP_SEC_FETCH_SITE' => 'same-origin'
    'HTTP_SEC_FETCH_MODE' => 'navigate'
    'HTTP_SEC_FETCH_USER' => '?1'
    'HTTP_REFERER' => 'http://localhost/tesbidang/web/'
    'HTTP_ACCEPT_ENCODING' => 'gzip, deflate, br'
    'HTTP_ACCEPT_LANGUAGE' => 'en-US,en;q=0.9'
    'HTTP_COOKIE' => 'PHPSESSID=7gqn2gh5t1p54o8n9tjih27l51; _csrf=7f4890d907f0ecfbe1e6b855487bd769238d93cdf3aa8eda939e02892b10e9a5a%3A2%3A%7Bi%3A0%3Bs%3A5%3A%22_csrf%22%3Bi%3A1%3Bs%3A32%3A%22U7LAF_uDceFDPhZjI0bEyPS-JPacqYf_%22%3B%7D'
    'PATH' => 'C:\\oracle\\instantclient_12_2;C:\\Program Files (x86)\\Common Files\\Oracle\\Java\\javapath;C:\\Python27\\;C:\\Python27\\Scripts;C:\\Windows\\system32;C:\\Windows;C:\\Windows\\System32\\Wbem;C:\\Windows\\System32\\WindowsPowerShell\\v1.0\\;C:\\Windows\\System32\\OpenSSH\\;C:\\Program Files\\Git\\cmd;C:\\Program Files\\nodejs\\;C:\\ProgramData\\chocolatey\\bin;C:\\Program Files\\Docker\\Docker\\resources\\bin;C:\\ProgramData\\DockerDesktop\\version-bin;C:\\oracle\\instantclient_12_2;C:\\Users\\Admin\\AppData\\Local\\Microsoft\\WindowsApps;C:\\Users\\Admin\\AppData\\Local\\GitHubDesktop\\bin;C:\\Users\\Admin\\AppData\\Local\\Programs\\Microsoft VS Code\\bin;C:\\Users\\Admin\\AppData\\Roaming\\npm;C:\\Program Files\\heroku\\bin;C:\\Program Files\\Docker Toolbox;'
    'SystemRoot' => 'C:\\Windows'
    'COMSPEC' => 'C:\\Windows\\system32\\cmd.exe'
    'PATHEXT' => '.COM;.EXE;.BAT;.CMD;.VBS;.VBE;.JS;.JSE;.WSF;.WSH;.MSC'
    'WINDIR' => 'C:\\Windows'
    'SERVER_SIGNATURE' => '<address>Apache/2.4.41 (Win64) OpenSSL/1.1.1c PHP/7.2.26 Server at localhost Port 80</address>
'
    'SERVER_SOFTWARE' => 'Apache/2.4.41 (Win64) OpenSSL/1.1.1c PHP/7.2.26'
    'SERVER_NAME' => 'localhost'
    'SERVER_ADDR' => '::1'
    'SERVER_PORT' => '80'
    'REMOTE_ADDR' => '::1'
    'DOCUMENT_ROOT' => 'C:/xampp/htdocs'
    'REQUEST_SCHEME' => 'http'
    'CONTEXT_PREFIX' => ''
    'CONTEXT_DOCUMENT_ROOT' => 'C:/xampp/htdocs'
    'SERVER_ADMIN' => 'postmaster@localhost'
    'SCRIPT_FILENAME' => 'C:/xampp/htdocs/tesbidang/web/index.php'
    'REMOTE_PORT' => '49474'
    'REDIRECT_URL' => '/tesbidang/web/jawaban'
    'GATEWAY_INTERFACE' => 'CGI/1.1'
    'SERVER_PROTOCOL' => 'HTTP/1.1'
    'REQUEST_METHOD' => 'GET'
    'QUERY_STRING' => ''
    'REQUEST_URI' => '/tesbidang/web/jawaban'
    'SCRIPT_NAME' => '/tesbidang/web/index.php'
    'PHP_SELF' => '/tesbidang/web/index.php'
    'REQUEST_TIME_FLOAT' => 1586168417.144
    'REQUEST_TIME' => 1586168417
]
2020-04-06 13:25:56 [::1][-][50n8o2ie21p5sup8trs2chaqn4][error][yii\web\HttpException:404] yii\base\InvalidRouteException: Unable to resolve the request "jawaban". in C:\xampp\htdocs\tesbidang\vendor\yiisoft\yii2\base\Module.php:537
Stack trace:
#0 C:\xampp\htdocs\tesbidang\vendor\yiisoft\yii2\web\Application.php(103): yii\base\Module->runAction('jawaban', Array)
#1 C:\xampp\htdocs\tesbidang\vendor\yiisoft\yii2\base\Application.php(386): yii\web\Application->handleRequest(Object(yii\web\Request))
#2 C:\xampp\htdocs\tesbidang\web\index.php(12): yii\base\Application->run()
#3 {main}

Next yii\web\NotFoundHttpException: Page not found. in C:\xampp\htdocs\tesbidang\vendor\yiisoft\yii2\web\Application.php:115
Stack trace:
#0 C:\xampp\htdocs\tesbidang\vendor\yiisoft\yii2\base\Application.php(386): yii\web\Application->handleRequest(Object(yii\web\Request))
#1 C:\xampp\htdocs\tesbidang\web\index.php(12): yii\base\Application->run()
#2 {main}
2020-04-06 13:25:55 [::1][-][50n8o2ie21p5sup8trs2chaqn4][info][application] $_GET = []

$_POST = []

$_FILES = []

$_COOKIE = [
    'PHPSESSID' => '50n8o2ie21p5sup8trs2chaqn4'
    '_csrf' => '72b4f8e62b362b88f6d67166407588c64bd5f3c3821d8bd2ef182e66765450f5a:2:{i:0;s:5:\"_csrf\";i:1;s:32:\"A8HCaZEcnqGNBTI5OfPtGm0DmZ4FfsyZ\";}'
]

$_SESSION = [
    '__flash' => []
]

$_SERVER = [
    'REDIRECT_MIBDIRS' => 'C:/xampp/php/extras/mibs'
    'REDIRECT_MYSQL_HOME' => '\\xampp\\mysql\\bin'
    'REDIRECT_OPENSSL_CONF' => 'C:/xampp/apache/bin/openssl.cnf'
    'REDIRECT_PHP_PEAR_SYSCONF_DIR' => '\\xampp\\php'
    'REDIRECT_PHPRC' => '\\xampp\\php'
    'REDIRECT_TMP' => '\\xampp\\tmp'
    'REDIRECT_STATUS' => '200'
    'MIBDIRS' => 'C:/xampp/php/extras/mibs'
    'MYSQL_HOME' => '\\xampp\\mysql\\bin'
    'OPENSSL_CONF' => 'C:/xampp/apache/bin/openssl.cnf'
    'PHP_PEAR_SYSCONF_DIR' => '\\xampp\\php'
    'PHPRC' => '\\xampp\\php'
    'TMP' => '\\xampp\\tmp'
    'HTTP_HOST' => 'localhost'
    'HTTP_CONNECTION' => 'keep-alive'
    'HTTP_UPGRADE_INSECURE_REQUESTS' => '1'
    'HTTP_USER_AGENT' => 'Mozilla/5.0 (Windows NT 10.0; Win64; x64) AppleWebKit/537.36 (KHTML, like Gecko) Chrome/80.0.3987.149 Safari/537.36'
    'HTTP_SEC_FETCH_DEST' => 'document'
    'HTTP_ACCEPT' => 'text/html,application/xhtml+xml,application/xml;q=0.9,image/webp,image/apng,*/*;q=0.8,application/signed-exchange;v=b3;q=0.9'
    'HTTP_SEC_FETCH_SITE' => 'same-origin'
    'HTTP_SEC_FETCH_MODE' => 'navigate'
    'HTTP_SEC_FETCH_USER' => '?1'
    'HTTP_REFERER' => 'http://localhost/tesbidang/web/'
    'HTTP_ACCEPT_ENCODING' => 'gzip, deflate, br'
    'HTTP_ACCEPT_LANGUAGE' => 'en-US,en;q=0.9'
    'HTTP_COOKIE' => 'PHPSESSID=50n8o2ie21p5sup8trs2chaqn4; _csrf=72b4f8e62b362b88f6d67166407588c64bd5f3c3821d8bd2ef182e66765450f5a%3A2%3A%7Bi%3A0%3Bs%3A5%3A%22_csrf%22%3Bi%3A1%3Bs%3A32%3A%22A8HCaZEcnqGNBTI5OfPtGm0DmZ4FfsyZ%22%3B%7D'
    'PATH' => 'C:\\oracle\\instantclient_12_2;C:\\Program Files (x86)\\Common Files\\Oracle\\Java\\javapath;C:\\Python27\\;C:\\Python27\\Scripts;C:\\Windows\\system32;C:\\Windows;C:\\Windows\\System32\\Wbem;C:\\Windows\\System32\\WindowsPowerShell\\v1.0\\;C:\\Windows\\System32\\OpenSSH\\;C:\\Program Files\\Git\\cmd;C:\\Program Files\\nodejs\\;C:\\ProgramData\\chocolatey\\bin;C:\\Program Files\\Docker\\Docker\\resources\\bin;C:\\ProgramData\\DockerDesktop\\version-bin;C:\\oracle\\instantclient_12_2;C:\\Users\\Admin\\AppData\\Local\\Microsoft\\WindowsApps;C:\\Users\\Admin\\AppData\\Local\\GitHubDesktop\\bin;C:\\Users\\Admin\\AppData\\Local\\Programs\\Microsoft VS Code\\bin;C:\\Users\\Admin\\AppData\\Roaming\\npm;C:\\Program Files\\heroku\\bin;C:\\Program Files\\Docker Toolbox;'
    'SystemRoot' => 'C:\\Windows'
    'COMSPEC' => 'C:\\Windows\\system32\\cmd.exe'
    'PATHEXT' => '.COM;.EXE;.BAT;.CMD;.VBS;.VBE;.JS;.JSE;.WSF;.WSH;.MSC'
    'WINDIR' => 'C:\\Windows'
    'SERVER_SIGNATURE' => '<address>Apache/2.4.41 (Win64) OpenSSL/1.1.1c PHP/7.2.26 Server at localhost Port 80</address>
'
    'SERVER_SOFTWARE' => 'Apache/2.4.41 (Win64) OpenSSL/1.1.1c PHP/7.2.26'
    'SERVER_NAME' => 'localhost'
    'SERVER_ADDR' => '::1'
    'SERVER_PORT' => '80'
    'REMOTE_ADDR' => '::1'
    'DOCUMENT_ROOT' => 'C:/xampp/htdocs'
    'REQUEST_SCHEME' => 'http'
    'CONTEXT_PREFIX' => ''
    'CONTEXT_DOCUMENT_ROOT' => 'C:/xampp/htdocs'
    'SERVER_ADMIN' => 'postmaster@localhost'
    'SCRIPT_FILENAME' => 'C:/xampp/htdocs/tesbidang/web/index.php'
    'REMOTE_PORT' => '52148'
    'REDIRECT_URL' => '/tesbidang/web/jawaban'
    'GATEWAY_INTERFACE' => 'CGI/1.1'
    'SERVER_PROTOCOL' => 'HTTP/1.1'
    'REQUEST_METHOD' => 'GET'
    'QUERY_STRING' => ''
    'REQUEST_URI' => '/tesbidang/web/jawaban'
    'SCRIPT_NAME' => '/tesbidang/web/index.php'
    'PHP_SELF' => '/tesbidang/web/index.php'
    'REQUEST_TIME_FLOAT' => 1586172355.819
    'REQUEST_TIME' => 1586172355
]
2023-02-23 16:42:40 [::1][-][pailstkj46udr7sv8un8dqsiev][error][yii\web\HttpException:404] yii\base\InvalidRouteException: Unable to resolve the request "jawaban". in C:\xampp\htdocs\tesbidang\vendor\yiisoft\yii2\base\Module.php:537
Stack trace:
#0 C:\xampp\htdocs\tesbidang\vendor\yiisoft\yii2\web\Application.php(103): yii\base\Module->runAction('jawaban', Array)
#1 C:\xampp\htdocs\tesbidang\vendor\yiisoft\yii2\base\Application.php(386): yii\web\Application->handleRequest(Object(yii\web\Request))
#2 C:\xampp\htdocs\tesbidang\web\index.php(12): yii\base\Application->run()
#3 {main}

Next yii\web\NotFoundHttpException: Page not found. in C:\xampp\htdocs\tesbidang\vendor\yiisoft\yii2\web\Application.php:115
Stack trace:
#0 C:\xampp\htdocs\tesbidang\vendor\yiisoft\yii2\base\Application.php(386): yii\web\Application->handleRequest(Object(yii\web\Request))
#1 C:\xampp\htdocs\tesbidang\web\index.php(12): yii\base\Application->run()
#2 {main}
2023-02-23 16:42:40 [::1][-][pailstkj46udr7sv8un8dqsiev][info][application] $_GET = []

$_POST = []

$_FILES = []

$_COOKIE = [
    'PHPSESSID' => 'pailstkj46udr7sv8un8dqsiev'
    '_csrf' => 'b5a1aff6d64076b0e7c0e2bdac29c1feb99641970af053e072cb5e6615aaf16aa:2:{i:0;s:5:\"_csrf\";i:1;s:32:\"LmvAnNEJsYG6jtClEPgCsU4OQSSH1tCP\";}'
]

$_SESSION = [
    '__flash' => []
]

$_SERVER = [
    'REDIRECT_MIBDIRS' => 'C:/xampp/php/extras/mibs'
    'REDIRECT_MYSQL_HOME' => '\\xampp\\mysql\\bin'
    'REDIRECT_OPENSSL_CONF' => 'C:/xampp/apache/bin/openssl.cnf'
    'REDIRECT_PHP_PEAR_SYSCONF_DIR' => '\\xampp\\php'
    'REDIRECT_PHPRC' => '\\xampp\\php'
    'REDIRECT_TMP' => '\\xampp\\tmp'
    'REDIRECT_STATUS' => '200'
    'MIBDIRS' => 'C:/xampp/php/extras/mibs'
    'MYSQL_HOME' => '\\xampp\\mysql\\bin'
    'OPENSSL_CONF' => 'C:/xampp/apache/bin/openssl.cnf'
    'PHP_PEAR_SYSCONF_DIR' => '\\xampp\\php'
    'PHPRC' => '\\xampp\\php'
    'TMP' => '\\xampp\\tmp'
    'HTTP_HOST' => 'localhost'
    'HTTP_CONNECTION' => 'keep-alive'
    'HTTP_SEC_CH_UA' => '\"Chromium\";v=\"110\", \"Not A(Brand\";v=\"24\", \"Google Chrome\";v=\"110\"'
    'HTTP_SEC_CH_UA_MOBILE' => '?0'
    'HTTP_SEC_CH_UA_PLATFORM' => '\"Windows\"'
    'HTTP_UPGRADE_INSECURE_REQUESTS' => '1'
    'HTTP_DNT' => '1'
    'HTTP_USER_AGENT' => 'Mozilla/5.0 (Windows NT 10.0; Win64; x64) AppleWebKit/537.36 (KHTML, like Gecko) Chrome/110.0.0.0 Safari/537.36'
    'HTTP_ACCEPT' => 'text/html,application/xhtml+xml,application/xml;q=0.9,image/avif,image/webp,image/apng,*/*;q=0.8,application/signed-exchange;v=b3;q=0.7'
    'HTTP_SEC_FETCH_SITE' => 'same-origin'
    'HTTP_SEC_FETCH_MODE' => 'navigate'
    'HTTP_SEC_FETCH_USER' => '?1'
    'HTTP_SEC_FETCH_DEST' => 'document'
    'HTTP_REFERER' => 'http://localhost/tesbidang/web/'
    'HTTP_ACCEPT_ENCODING' => 'gzip, deflate, br'
    'HTTP_ACCEPT_LANGUAGE' => 'en,en-US;q=0.9,id-ID;q=0.8,id;q=0.7'
    'HTTP_COOKIE' => 'PHPSESSID=pailstkj46udr7sv8un8dqsiev; _csrf=b5a1aff6d64076b0e7c0e2bdac29c1feb99641970af053e072cb5e6615aaf16aa%3A2%3A%7Bi%3A0%3Bs%3A5%3A%22_csrf%22%3Bi%3A1%3Bs%3A32%3A%22LmvAnNEJsYG6jtClEPgCsU4OQSSH1tCP%22%3B%7D'
    'PATH' => 'C:\\Program Files (x86)\\Common Files\\Oracle\\Java\\javapath;C:\\Ruby27-x64\\bin;C:\\WINDOWS\\system32;C:\\WINDOWS;C:\\WINDOWS\\System32\\Wbem;C:\\WINDOWS\\System32\\WindowsPowerShell\\v1.0\\;C:\\WINDOWS\\System32\\OpenSSH\\;C:\\Program Files\\dotnet\\;C:\\Program Files (x86)\\Windows Kits\\10\\Windows Performance Toolkit\\;C:\\xampp\\php;C:\\ProgramData\\ComposerSetup\\bin;C:\\Program Files\\LLVM\\bin;C:\\Users\\Gigabyte\\AppData\\Roaming\\nvm;C:\\Program Files\\nodejs;C:\\mingw64\\bin;C:\\Program Files\\NVIDIA Corporation\\NVIDIA NvDLISR;C:\\ProgramData\\chocolatey\\bin;C:\\Program Files\\Git\\cmd;C:\\Users\\Gigabyte\\AppData\\Roaming\\Python\\Scripts;;C:\\Program Files (x86)\\NVIDIA Corporation\\PhysX\\Common;C:\\Program Files\\WireGuard\\;C:\\Program Files\\PostgreSQL\\15\\bin;C:\\Users\\Gigabyte\\.pyenv\\pyenv-win\\bin;C:\\Users\\Gigabyte\\.pyenv\\pyenv-win\\shims;C:\\Users\\Gigabyte\\AppData\\Local\\Microsoft\\WindowsApps;C:\\Users\\Gigabyte\\.dotnet\\tools;C:\\Users\\Gigabyte\\AppData\\Roaming\\Composer\\vendor\\bin;C:\\src\\flutter\\bin;C:\\Users\\Gigabyte\\AppData\\Local\\GitHubDesktop\\bin;C:\\Program Files (x86)\\Nmap;C:\\Users\\Gigabyte\\AppData\\Roaming\\nvm;C:\\Program Files\\nodejs;C:\\ProgramData\\Anaconda3\\Library\\bin;C:\\ProgramData\\Anaconda3\\Scripts;C:\\ProgramData\\Anaconda3;C:\\Users\\Gigabyte\\AppData\\Local\\Programs\\Microsoft VS Code\\bin;C:\\Users\\Gigabyte\\.pyenv\\pyenv-win\\bin;C:\\Users\\Gigabyte\\.pyenv\\pyenv-win\\shims;C:\\Users\\Gigabyte\\AppData\\Roaming\\Python\\Scripts;;C:\\Users\\Gigabyte\\AppData\\Local\\Programs\\Espanso'
    'SystemRoot' => 'C:\\WINDOWS'
    'COMSPEC' => 'C:\\WINDOWS\\system32\\cmd.exe'
    'PATHEXT' => '.COM;.EXE;.BAT;.CMD;.VBS;.VBE;.JS;.JSE;.WSF;.WSH;.MSC;.RB;.RBW'
    'WINDIR' => 'C:\\WINDOWS'
    'SERVER_SIGNATURE' => '<address>Apache/2.4.52 (Win64) OpenSSL/1.1.1m PHP/8.1.1 Server at localhost Port 80</address>
'
    'SERVER_SOFTWARE' => 'Apache/2.4.52 (Win64) OpenSSL/1.1.1m PHP/8.1.1'
    'SERVER_NAME' => 'localhost'
    'SERVER_ADDR' => '::1'
    'SERVER_PORT' => '80'
    'REMOTE_ADDR' => '::1'
    'DOCUMENT_ROOT' => 'C:/xampp/htdocs'
    'REQUEST_SCHEME' => 'http'
    'CONTEXT_PREFIX' => ''
    'CONTEXT_DOCUMENT_ROOT' => 'C:/xampp/htdocs'
    'SERVER_ADMIN' => 'postmaster@localhost'
    'SCRIPT_FILENAME' => 'C:/xampp/htdocs/tesbidang/web/index.php'
    'REMOTE_PORT' => '18927'
    'REDIRECT_URL' => '/tesbidang/web/jawaban'
    'GATEWAY_INTERFACE' => 'CGI/1.1'
    'SERVER_PROTOCOL' => 'HTTP/1.1'
    'REQUEST_METHOD' => 'GET'
    'QUERY_STRING' => ''
    'REQUEST_URI' => '/tesbidang/web/jawaban'
    'SCRIPT_NAME' => '/tesbidang/web/index.php'
    'PHP_SELF' => '/tesbidang/web/index.php'
    'REQUEST_TIME_FLOAT' => 1677166960.3728
    'REQUEST_TIME' => 1677166960
]
